{"C:\\Users\\arian\\OneDrive\\Documents\\Pos\\Postech\\web_cafeteria\\app\\application\\core\\configs.ts": {"path":"C:\\Users\\arian\\OneDrive\\Documents\\Pos\\Postech\\web_cafeteria\\app\\application\\core\\configs.ts","statementMap":{"0":{"start":{"line":2,"column":4},"end":{"line":2,"column":35}},"1":{"start":{"line":5,"column":0},"end":{"line":5,"column":27}}},"fnMap":{"0":{"name":"(anonymous_0)","decl":{"start":{"line":1,"column":0},"end":{"line":1,"column":6}},"loc":{"start":{"line":1,"column":0},"end":{"line":3,"column":1}}}},"branchMap":{},"s":{"0":1,"1":1},"f":{"0":1},"b":{}}
,"C:\\Users\\arian\\OneDrive\\Documents\\Pos\\Postech\\web_cafeteria\\app\\application\\core\\jwt.ts": {"path":"C:\\Users\\arian\\OneDrive\\Documents\\Pos\\Postech\\web_cafeteria\\app\\application\\core\\jwt.ts","statementMap":{"0":{"start":{"line":1,"column":0},"end":{"line":1,"column":36}},"1":{"start":{"line":6,"column":4},"end":{"line":6,"column":18}},"2":{"start":{"line":7,"column":11},"end":{"line":7,"column":35}},"3":{"start":{"line":20,"column":4},"end":{"line":22,"column":null}},"4":{"start":{"line":21,"column":8},"end":{"line":21,"column":51}},"5":{"start":{"line":10,"column":8},"end":{"line":10,"column":29}},"6":{"start":{"line":11,"column":8},"end":{"line":17,"column":null}},"7":{"start":{"line":25,"column":0},"end":{"line":25,"column":19}}},"fnMap":{"0":{"name":"(anonymous_0)","decl":{"start":{"line":9,"column":4},"end":{"line":9,"column":17}},"loc":{"start":{"line":9,"column":35},"end":{"line":18,"column":5}}},"1":{"name":"(anonymous_1)","decl":{"start":{"line":20,"column":11},"end":{"line":20,"column":23}},"loc":{"start":{"line":20,"column":25},"end":{"line":22,"column":5}}}},"branchMap":{},"s":{"0":1,"1":1,"2":1,"3":1,"4":1,"5":1,"6":1,"7":1},"f":{"0":1,"1":1},"b":{}}
,"C:\\Users\\arian\\OneDrive\\Documents\\Pos\\Postech\\web_cafeteria\\app\\cases\\usuarioCasoDeUso.ts": {"path":"C:\\Users\\arian\\OneDrive\\Documents\\Pos\\Postech\\web_cafeteria\\app\\cases\\usuarioCasoDeUso.ts","statementMap":{"0":{"start":{"line":1,"column":0},"end":{"line":1,"column":50}},"1":{"start":{"line":2,"column":0},"end":{"line":2,"column":42}},"2":{"start":{"line":7,"column":25},"end":{"line":7,"column":35}},"3":{"start":{"line":10,"column":24},"end":{"line":10,"column":58}},"4":{"start":{"line":11,"column":8},"end":{"line":16,"column":10}},"5":{"start":{"line":20,"column":0},"end":{"line":20,"column":32}}},"fnMap":{"0":{"name":"(anonymous_0)","decl":{"start":{"line":7,"column":4},"end":{"line":7,"column":25}},"loc":{"start":{"line":7,"column":35},"end":{"line":7,"column":39}}},"1":{"name":"(anonymous_1)","decl":{"start":{"line":9,"column":11},"end":{"line":9,"column":21}},"loc":{"start":{"line":9,"column":21},"end":{"line":17,"column":5}}}},"branchMap":{},"s":{"0":1,"1":1,"2":1,"3":1,"4":1,"5":1},"f":{"0":1,"1":1},"b":{}}
,"C:\\Users\\arian\\OneDrive\\Documents\\Pos\\Postech\\web_cafeteria\\app\\entity\\cartao.ts": {"path":"C:\\Users\\arian\\OneDrive\\Documents\\Pos\\Postech\\web_cafeteria\\app\\entity\\cartao.ts","statementMap":{"0":{"start":{"line":5,"column":25},"end":{"line":5,"column":37}},"1":{"start":{"line":5,"column":47},"end":{"line":5,"column":61}},"2":{"start":{"line":5,"column":72},"end":{"line":5,"column":83}},"3":{"start":{"line":5,"column":94},"end":{"line":5,"column":116}},"4":{"start":{"line":6,"column":8},"end":{"line":8,"column":null}},"5":{"start":{"line":7,"column":12},"end":{"line":7,"column":63}},"6":{"start":{"line":9,"column":8},"end":{"line":11,"column":null}},"7":{"start":{"line":10,"column":12},"end":{"line":10,"column":72}},"8":{"start":{"line":12,"column":8},"end":{"line":14,"column":null}},"9":{"start":{"line":13,"column":12},"end":{"line":13,"column":60}},"10":{"start":{"line":15,"column":8},"end":{"line":17,"column":null}},"11":{"start":{"line":16,"column":12},"end":{"line":16,"column":74}},"12":{"start":{"line":21,"column":0},"end":{"line":21,"column":22}}},"fnMap":{"0":{"name":"(anonymous_0)","decl":{"start":{"line":5,"column":4},"end":{"line":5,"column":25}},"loc":{"start":{"line":5,"column":116},"end":{"line":18,"column":5}}}},"branchMap":{"0":{"loc":{"start":{"line":6,"column":8},"end":{"line":8,"column":null}},"type":"if","locations":[{"start":{"line":6,"column":8},"end":{"line":8,"column":null}}]},"1":{"loc":{"start":{"line":9,"column":8},"end":{"line":11,"column":null}},"type":"if","locations":[{"start":{"line":9,"column":8},"end":{"line":11,"column":null}}]},"2":{"loc":{"start":{"line":12,"column":8},"end":{"line":14,"column":null}},"type":"if","locations":[{"start":{"line":12,"column":8},"end":{"line":14,"column":null}}]},"3":{"loc":{"start":{"line":15,"column":8},"end":{"line":17,"column":null}},"type":"if","locations":[{"start":{"line":15,"column":8},"end":{"line":17,"column":null}}]}},"s":{"0":6,"1":6,"2":6,"3":6,"4":6,"5":1,"6":5,"7":1,"8":4,"9":1,"10":3,"11":1,"12":2},"f":{"0":6},"b":{"0":[1],"1":[1],"2":[1],"3":[1]}}
,"C:\\Users\\arian\\OneDrive\\Documents\\Pos\\Postech\\web_cafeteria\\app\\entity\\categoria.ts": {"path":"C:\\Users\\arian\\OneDrive\\Documents\\Pos\\Postech\\web_cafeteria\\app\\entity\\categoria.ts","statementMap":{"0":{"start":{"line":5,"column":40},"end":{"line":5,"column":43}},"1":{"start":{"line":3,"column":11},"end":{"line":3,"column":31}},"2":{"start":{"line":6,"column":8},"end":{"line":8,"column":null}},"3":{"start":{"line":7,"column":12},"end":{"line":7,"column":66}},"4":{"start":{"line":9,"column":8},"end":{"line":9,"column":25}},"5":{"start":{"line":10,"column":8},"end":{"line":10,"column":21}},"6":{"start":{"line":15,"column":0},"end":{"line":15,"column":25}}},"fnMap":{"0":{"name":"(anonymous_0)","decl":{"start":{"line":5,"column":4},"end":{"line":5,"column":16}},"loc":{"start":{"line":5,"column":43},"end":{"line":11,"column":5}}}},"branchMap":{"0":{"loc":{"start":{"line":6,"column":8},"end":{"line":8,"column":null}},"type":"if","locations":[{"start":{"line":6,"column":8},"end":{"line":8,"column":null}}]},"1":{"loc":{"start":{"line":6,"column":12},"end":{"line":6,"column":38}},"type":"binary-expr","locations":[{"start":{"line":6,"column":12},"end":{"line":6,"column":24}},{"start":{"line":6,"column":28},"end":{"line":6,"column":38}}]}},"s":{"0":12,"1":12,"2":12,"3":3,"4":9,"5":9,"6":4},"f":{"0":12},"b":{"0":[3],"1":[12,11]}}
,"C:\\Users\\arian\\OneDrive\\Documents\\Pos\\Postech\\web_cafeteria\\app\\entity\\checkout.ts": {"path":"C:\\Users\\arian\\OneDrive\\Documents\\Pos\\Postech\\web_cafeteria\\app\\entity\\checkout.ts","statementMap":{"0":{"start":{"line":4,"column":0},"end":{"line":4,"column":36}},"1":{"start":{"line":5,"column":0},"end":{"line":5,"column":55}},"2":{"start":{"line":18,"column":25},"end":{"line":18,"column":39}},"3":{"start":{"line":18,"column":50},"end":{"line":18,"column":84}},"4":{"start":{"line":18,"column":95},"end":{"line":18,"column":98}},"5":{"start":{"line":23,"column":11},"end":{"line":25,"column":null}},"6":{"start":{"line":24,"column":8},"end":{"line":24,"column":36}},"7":{"start":{"line":27,"column":11},"end":{"line":29,"column":null}},"8":{"start":{"line":28,"column":8},"end":{"line":28,"column":35}},"9":{"start":{"line":31,"column":11},"end":{"line":33,"column":null}},"10":{"start":{"line":32,"column":8},"end":{"line":32,"column":29}},"11":{"start":{"line":35,"column":11},"end":{"line":37,"column":null}},"12":{"start":{"line":36,"column":8},"end":{"line":36,"column":27}},"13":{"start":{"line":19,"column":8},"end":{"line":19,"column":29}},"14":{"start":{"line":20,"column":8},"end":{"line":20,"column":58}},"15":{"start":{"line":41,"column":0},"end":{"line":41,"column":24}}},"fnMap":{"0":{"name":"(anonymous_0)","decl":{"start":{"line":18,"column":4},"end":{"line":18,"column":25}},"loc":{"start":{"line":18,"column":98},"end":{"line":21,"column":5}}},"1":{"name":"(anonymous_1)","decl":{"start":{"line":23,"column":30},"end":{"line":23,"column":31}},"loc":{"start":{"line":23,"column":48},"end":{"line":25,"column":5}}},"2":{"name":"(anonymous_2)","decl":{"start":{"line":27,"column":30},"end":{"line":27,"column":42}},"loc":{"start":{"line":27,"column":44},"end":{"line":29,"column":5}}},"3":{"name":"(anonymous_3)","decl":{"start":{"line":31,"column":23},"end":{"line":31,"column":24}},"loc":{"start":{"line":31,"column":42},"end":{"line":33,"column":5}}},"4":{"name":"(anonymous_4)","decl":{"start":{"line":35,"column":23},"end":{"line":35,"column":26}},"loc":{"start":{"line":35,"column":28},"end":{"line":37,"column":5}}}},"branchMap":{},"s":{"0":2,"1":2,"2":3,"3":3,"4":3,"5":3,"6":1,"7":3,"8":2,"9":3,"10":0,"11":3,"12":2,"13":3,"14":3,"15":2},"f":{"0":3,"1":1,"2":2,"3":0,"4":2},"b":{}}
,"C:\\Users\\arian\\OneDrive\\Documents\\Pos\\Postech\\web_cafeteria\\app\\entity\\cliente.ts": {"path":"C:\\Users\\arian\\OneDrive\\Documents\\Pos\\Postech\\web_cafeteria\\app\\entity\\cliente.ts","statementMap":{"0":{"start":{"line":1,"column":0},"end":{"line":1,"column":39}},"1":{"start":{"line":8,"column":17},"end":{"line":8,"column":30}},"2":{"start":{"line":9,"column":17},"end":{"line":9,"column":31}},"3":{"start":{"line":10,"column":17},"end":{"line":10,"column":35}},"4":{"start":{"line":12,"column":8},"end":{"line":14,"column":null}},"5":{"start":{"line":13,"column":12},"end":{"line":13,"column":62}},"6":{"start":{"line":15,"column":8},"end":{"line":17,"column":null}},"7":{"start":{"line":16,"column":12},"end":{"line":16,"column":64}},"8":{"start":{"line":18,"column":8},"end":{"line":20,"column":null}},"9":{"start":{"line":19,"column":12},"end":{"line":19,"column":61}},"10":{"start":{"line":21,"column":8},"end":{"line":23,"column":null}},"11":{"start":{"line":22,"column":12},"end":{"line":22,"column":61}},"12":{"start":{"line":24,"column":8},"end":{"line":24,"column":92}},"13":{"start":{"line":26,"column":8},"end":{"line":28,"column":null}},"14":{"start":{"line":27,"column":12},"end":{"line":27,"column":58}},"15":{"start":{"line":32,"column":8},"end":{"line":32,"column":42}},"16":{"start":{"line":36,"column":27},"end":{"line":36,"column":69}},"17":{"start":{"line":37,"column":8},"end":{"line":37,"column":43}},"18":{"start":{"line":41,"column":8},"end":{"line":41,"column":41}},"19":{"start":{"line":46,"column":0},"end":{"line":46,"column":23}}},"fnMap":{"0":{"name":"(anonymous_0)","decl":{"start":{"line":7,"column":4},"end":{"line":7,"column":null}},"loc":{"start":{"line":10,"column":35},"end":{"line":29,"column":5}}},"1":{"name":"(anonymous_1)","decl":{"start":{"line":31,"column":11},"end":{"line":31,"column":21}},"loc":{"start":{"line":31,"column":21},"end":{"line":33,"column":5}}},"2":{"name":"(anonymous_2)","decl":{"start":{"line":35,"column":11},"end":{"line":35,"column":23}},"loc":{"start":{"line":35,"column":23},"end":{"line":38,"column":5}}},"3":{"name":"(anonymous_3)","decl":{"start":{"line":40,"column":11},"end":{"line":40,"column":20}},"loc":{"start":{"line":40,"column":20},"end":{"line":42,"column":5}}}},"branchMap":{"0":{"loc":{"start":{"line":12,"column":8},"end":{"line":14,"column":null}},"type":"if","locations":[{"start":{"line":12,"column":8},"end":{"line":14,"column":null}}]},"1":{"loc":{"start":{"line":12,"column":12},"end":{"line":12,"column":34}},"type":"binary-expr","locations":[{"start":{"line":12,"column":12},"end":{"line":12,"column":22}},{"start":{"line":12,"column":26},"end":{"line":12,"column":34}}]},"2":{"loc":{"start":{"line":15,"column":8},"end":{"line":17,"column":null}},"type":"if","locations":[{"start":{"line":15,"column":8},"end":{"line":17,"column":null}}]},"3":{"loc":{"start":{"line":15,"column":12},"end":{"line":15,"column":36}},"type":"binary-expr","locations":[{"start":{"line":15,"column":12},"end":{"line":15,"column":23}},{"start":{"line":15,"column":27},"end":{"line":15,"column":36}}]},"4":{"loc":{"start":{"line":18,"column":8},"end":{"line":20,"column":null}},"type":"if","locations":[{"start":{"line":18,"column":8},"end":{"line":20,"column":null}}]},"5":{"loc":{"start":{"line":21,"column":8},"end":{"line":23,"column":null}},"type":"if","locations":[{"start":{"line":21,"column":8},"end":{"line":23,"column":null}}]},"6":{"loc":{"start":{"line":21,"column":12},"end":{"line":21,"column":42}},"type":"binary-expr","locations":[{"start":{"line":21,"column":12},"end":{"line":21,"column":26}},{"start":{"line":21,"column":30},"end":{"line":21,"column":42}}]},"7":{"loc":{"start":{"line":26,"column":8},"end":{"line":28,"column":null}},"type":"if","locations":[{"start":{"line":26,"column":8},"end":{"line":28,"column":null}}]}},"s":{"0":4,"1":12,"2":12,"3":12,"4":12,"5":0,"6":12,"7":0,"8":12,"9":1,"10":11,"11":0,"12":11,"13":11,"14":1,"15":12,"16":13,"17":13,"18":0,"19":4},"f":{"0":12,"1":12,"2":13,"3":0},"b":{"0":[0],"1":[12,12],"2":[0],"3":[12,12],"4":[1],"5":[0],"6":[11,11],"7":[1]}}
,"C:\\Users\\arian\\OneDrive\\Documents\\Pos\\Postech\\web_cafeteria\\app\\entity\\payer.ts": {"path":"C:\\Users\\arian\\OneDrive\\Documents\\Pos\\Postech\\web_cafeteria\\app\\entity\\payer.ts","statementMap":{"0":{"start":{"line":1,"column":0},"end":{"line":1,"column":39}},"1":{"start":{"line":4,"column":25},"end":{"line":4,"column":37}},"2":{"start":{"line":4,"column":48},"end":{"line":4,"column":61}},"3":{"start":{"line":4,"column":72},"end":{"line":4,"column":88}},"4":{"start":{"line":5,"column":8},"end":{"line":7,"column":null}},"5":{"start":{"line":6,"column":12},"end":{"line":6,"column":51}},"6":{"start":{"line":8,"column":8},"end":{"line":10,"column":null}},"7":{"start":{"line":9,"column":12},"end":{"line":9,"column":53}},"8":{"start":{"line":11,"column":8},"end":{"line":13,"column":null}},"9":{"start":{"line":12,"column":12},"end":{"line":12,"column":48}},"10":{"start":{"line":14,"column":8},"end":{"line":16,"column":null}},"11":{"start":{"line":15,"column":12},"end":{"line":15,"column":50}},"12":{"start":{"line":17,"column":8},"end":{"line":17,"column":92}},"13":{"start":{"line":19,"column":8},"end":{"line":21,"column":null}},"14":{"start":{"line":20,"column":12},"end":{"line":20,"column":45}},"15":{"start":{"line":25,"column":8},"end":{"line":25,"column":42}},"16":{"start":{"line":29,"column":27},"end":{"line":29,"column":69}},"17":{"start":{"line":30,"column":8},"end":{"line":30,"column":43}},"18":{"start":{"line":34,"column":0},"end":{"line":34,"column":21}}},"fnMap":{"0":{"name":"(anonymous_0)","decl":{"start":{"line":4,"column":4},"end":{"line":4,"column":25}},"loc":{"start":{"line":4,"column":88},"end":{"line":22,"column":5}}},"1":{"name":"(anonymous_1)","decl":{"start":{"line":24,"column":11},"end":{"line":24,"column":21}},"loc":{"start":{"line":24,"column":21},"end":{"line":26,"column":5}}},"2":{"name":"(anonymous_2)","decl":{"start":{"line":28,"column":11},"end":{"line":28,"column":23}},"loc":{"start":{"line":28,"column":23},"end":{"line":31,"column":5}}}},"branchMap":{"0":{"loc":{"start":{"line":5,"column":8},"end":{"line":7,"column":null}},"type":"if","locations":[{"start":{"line":5,"column":8},"end":{"line":7,"column":null}}]},"1":{"loc":{"start":{"line":5,"column":12},"end":{"line":5,"column":34}},"type":"binary-expr","locations":[{"start":{"line":5,"column":12},"end":{"line":5,"column":22}},{"start":{"line":5,"column":26},"end":{"line":5,"column":34}}]},"2":{"loc":{"start":{"line":8,"column":8},"end":{"line":10,"column":null}},"type":"if","locations":[{"start":{"line":8,"column":8},"end":{"line":10,"column":null}}]},"3":{"loc":{"start":{"line":8,"column":12},"end":{"line":8,"column":36}},"type":"binary-expr","locations":[{"start":{"line":8,"column":12},"end":{"line":8,"column":23}},{"start":{"line":8,"column":27},"end":{"line":8,"column":36}}]},"4":{"loc":{"start":{"line":11,"column":8},"end":{"line":13,"column":null}},"type":"if","locations":[{"start":{"line":11,"column":8},"end":{"line":13,"column":null}}]},"5":{"loc":{"start":{"line":14,"column":8},"end":{"line":16,"column":null}},"type":"if","locations":[{"start":{"line":14,"column":8},"end":{"line":16,"column":null}}]},"6":{"loc":{"start":{"line":14,"column":12},"end":{"line":14,"column":42}},"type":"binary-expr","locations":[{"start":{"line":14,"column":12},"end":{"line":14,"column":26}},{"start":{"line":14,"column":30},"end":{"line":14,"column":42}}]},"7":{"loc":{"start":{"line":19,"column":8},"end":{"line":21,"column":null}},"type":"if","locations":[{"start":{"line":19,"column":8},"end":{"line":21,"column":null}}]}},"s":{"0":4,"1":14,"2":14,"3":14,"4":14,"5":0,"6":14,"7":0,"8":14,"9":1,"10":13,"11":0,"12":13,"13":13,"14":1,"15":14,"16":15,"17":15,"18":4},"f":{"0":14,"1":14,"2":15},"b":{"0":[0],"1":[14,14],"2":[0],"3":[14,14],"4":[1],"5":[0],"6":[13,13],"7":[1]}}
,"C:\\Users\\arian\\OneDrive\\Documents\\Pos\\Postech\\web_cafeteria\\app\\entity\\pedido.ts": {"path":"C:\\Users\\arian\\OneDrive\\Documents\\Pos\\Postech\\web_cafeteria\\app\\entity\\pedido.ts","statementMap":{"0":{"start":{"line":2,"column":0},"end":{"line":2,"column":51}},"1":{"start":{"line":14,"column":15},"end":{"line":14,"column":31}},"2":{"start":{"line":16,"column":15},"end":{"line":16,"column":18}},"3":{"start":{"line":7,"column":10},"end":{"line":7,"column":36}},"4":{"start":{"line":39,"column":2},"end":{"line":41,"column":null}},"5":{"start":{"line":40,"column":6},"end":{"line":40,"column":28}},"6":{"start":{"line":43,"column":2},"end":{"line":45,"column":null}},"7":{"start":{"line":44,"column":4},"end":{"line":44,"column":26}},"8":{"start":{"line":47,"column":2},"end":{"line":49,"column":null}},"9":{"start":{"line":48,"column":4},"end":{"line":48,"column":24}},"10":{"start":{"line":19,"column":4},"end":{"line":21,"column":null}},"11":{"start":{"line":20,"column":6},"end":{"line":20,"column":48}},"12":{"start":{"line":22,"column":4},"end":{"line":22,"column":26}},"13":{"start":{"line":23,"column":4},"end":{"line":23,"column":34}},"14":{"start":{"line":27,"column":4},"end":{"line":27,"column":30}},"15":{"start":{"line":31,"column":4},"end":{"line":31,"column":28}},"16":{"start":{"line":35,"column":6},"end":{"line":35,"column":35}},"17":{"start":{"line":36,"column":6},"end":{"line":36,"column":59}},"18":{"start":{"line":53,"column":0},"end":{"line":53,"column":22}}},"fnMap":{"0":{"name":"(anonymous_0)","decl":{"start":{"line":13,"column":2},"end":{"line":13,"column":null}},"loc":{"start":{"line":17,"column":28},"end":{"line":24,"column":3}}},"1":{"name":"(anonymous_1)","decl":{"start":{"line":39,"column":16},"end":{"line":39,"column":19}},"loc":{"start":{"line":39,"column":21},"end":{"line":41,"column":3}}},"2":{"name":"(anonymous_2)","decl":{"start":{"line":43,"column":14},"end":{"line":43,"column":15}},"loc":{"start":{"line":43,"column":39},"end":{"line":45,"column":3}}},"3":{"name":"(anonymous_3)","decl":{"start":{"line":47,"column":14},"end":{"line":47,"column":17}},"loc":{"start":{"line":47,"column":19},"end":{"line":49,"column":3}}},"4":{"name":"(anonymous_4)","decl":{"start":{"line":26,"column":2},"end":{"line":26,"column":11}},"loc":{"start":{"line":26,"column":25},"end":{"line":28,"column":3}}},"5":{"name":"(anonymous_5)","decl":{"start":{"line":30,"column":2},"end":{"line":30,"column":15}},"loc":{"start":{"line":30,"column":15},"end":{"line":32,"column":3}}},"6":{"name":"(anonymous_6)","decl":{"start":{"line":34,"column":2},"end":{"line":34,"column":18}},"loc":{"start":{"line":34,"column":35},"end":{"line":37,"column":3}}}},"branchMap":{"0":{"loc":{"start":{"line":15,"column":6},"end":{"line":15,"column":48}},"type":"default-arg","locations":[{"start":{"line":15,"column":29},"end":{"line":15,"column":48}}]},"1":{"loc":{"start":{"line":17,"column":6},"end":{"line":17,"column":28}},"type":"default-arg","locations":[{"start":{"line":17,"column":27},"end":{"line":17,"column":28}}]},"2":{"loc":{"start":{"line":19,"column":4},"end":{"line":21,"column":null}},"type":"if","locations":[{"start":{"line":19,"column":4},"end":{"line":21,"column":null}}]}},"s":{"0":3,"1":7,"2":7,"3":7,"4":7,"5":3,"6":7,"7":0,"8":7,"9":5,"10":7,"11":1,"12":6,"13":6,"14":5,"15":4,"16":5,"17":5,"18":3},"f":{"0":7,"1":3,"2":0,"3":5,"4":5,"5":4,"6":5},"b":{"0":[0],"1":[7],"2":[1]}}
,"C:\\Users\\arian\\OneDrive\\Documents\\Pos\\Postech\\web_cafeteria\\app\\entity\\pix.ts": {"path":"C:\\Users\\arian\\OneDrive\\Documents\\Pos\\Postech\\web_cafeteria\\app\\entity\\pix.ts","statementMap":{"0":{"start":{"line":5,"column":25},"end":{"line":5,"column":37}},"1":{"start":{"line":6,"column":4},"end":{"line":6,"column":26}},"2":{"start":{"line":7,"column":4},"end":{"line":7,"column":24}},"3":{"start":{"line":8,"column":4},"end":{"line":8,"column":35}},"4":{"start":{"line":11,"column":0},"end":{"line":11,"column":19}}},"fnMap":{"0":{"name":"(anonymous_0)","decl":{"start":{"line":5,"column":4},"end":{"line":5,"column":25}},"loc":{"start":{"line":5,"column":37},"end":{"line":5,"column":41}}}},"branchMap":{},"s":{"0":2,"1":2,"2":2,"3":2,"4":2},"f":{"0":2},"b":{}}
,"C:\\Users\\arian\\OneDrive\\Documents\\Pos\\Postech\\web_cafeteria\\app\\entity\\produto.ts": {"path":"C:\\Users\\arian\\OneDrive\\Documents\\Pos\\Postech\\web_cafeteria\\app\\entity\\produto.ts","statementMap":{"0":{"start":{"line":5,"column":17},"end":{"line":5,"column":null}},"1":{"start":{"line":6,"column":17},"end":{"line":6,"column":30}},"2":{"start":{"line":7,"column":17},"end":{"line":7,"column":37}},"3":{"start":{"line":8,"column":17},"end":{"line":8,"column":29}},"4":{"start":{"line":9,"column":17},"end":{"line":9,"column":20}},"5":{"start":{"line":14,"column":0},"end":{"line":14,"column":23}}},"fnMap":{"0":{"name":"(anonymous_0)","decl":{"start":{"line":4,"column":4},"end":{"line":4,"column":null}},"loc":{"start":{"line":9,"column":20},"end":{"line":10,"column":8}}}},"branchMap":{},"s":{"0":7,"1":7,"2":7,"3":7,"4":7,"5":3},"f":{"0":7},"b":{}}
,"C:\\Users\\arian\\OneDrive\\Documents\\Pos\\Postech\\web_cafeteria\\app\\entity\\user.ts": {"path":"C:\\Users\\arian\\OneDrive\\Documents\\Pos\\Postech\\web_cafeteria\\app\\entity\\user.ts","statementMap":{"0":{"start":{"line":3,"column":25},"end":{"line":3,"column":40}},"1":{"start":{"line":3,"column":40},"end":{"line":3,"column":47}},"2":{"start":{"line":6,"column":8},"end":{"line":6,"column":52}},"3":{"start":{"line":10,"column":8},"end":{"line":12,"column":169}},"4":{"start":{"line":18,"column":0},"end":{"line":18,"column":20}}},"fnMap":{"0":{"name":"(anonymous_0)","decl":{"start":{"line":3,"column":4},"end":{"line":3,"column":25}},"loc":{"start":{"line":3,"column":45},"end":{"line":3,"column":48}}},"1":{"name":"(anonymous_1)","decl":{"start":{"line":5,"column":11},"end":{"line":5,"column":22}},"loc":{"start":{"line":5,"column":22},"end":{"line":7,"column":5}}},"2":{"name":"(anonymous_2)","decl":{"start":{"line":9,"column":11},"end":{"line":9,"column":23}},"loc":{"start":{"line":9,"column":23},"end":{"line":13,"column":5}}}},"branchMap":{"0":{"loc":{"start":{"line":6,"column":15},"end":{"line":6,"column":51}},"type":"binary-expr","locations":[{"start":{"line":6,"column":15},"end":{"line":6,"column":32}},{"start":{"line":6,"column":36},"end":{"line":6,"column":51}}]}},"s":{"0":1,"1":1,"2":0,"3":0,"4":1},"f":{"0":1,"1":0,"2":0},"b":{"0":[0,0]}}
,"C:\\Users\\arian\\OneDrive\\Documents\\Pos\\Postech\\web_cafeteria\\app\\entity\\enum\\statusCheckout.ts": {"path":"C:\\Users\\arian\\OneDrive\\Documents\\Pos\\Postech\\web_cafeteria\\app\\entity\\enum\\statusCheckout.ts","statementMap":{"0":{"start":{"line":1,"column":0},"end":{"line":1,"column":null}},"1":{"start":{"line":2,"column":4},"end":{"line":2,"column":null}},"2":{"start":{"line":3,"column":4},"end":{"line":3,"column":null}},"3":{"start":{"line":4,"column":4},"end":{"line":4,"column":null}},"4":{"start":{"line":5,"column":4},"end":{"line":5,"column":null}},"5":{"start":{"line":6,"column":4},"end":{"line":6,"column":null}},"6":{"start":{"line":7,"column":4},"end":{"line":7,"column":null}}},"fnMap":{"0":{"name":"(anonymous_0)","decl":{"start":{"line":1,"column":0},"end":{"line":1,"column":12}},"loc":{"start":{"line":1,"column":26},"end":{"line":8,"column":1}}}},"branchMap":{"0":{"loc":{"start":{"line":1,"column":12},"end":{"line":1,"column":null}},"type":"binary-expr","locations":[{"start":{"line":1,"column":12},"end":{"line":1,"column":26}},{"start":{"line":1,"column":26},"end":{"line":1,"column":null}}]}},"s":{"0":2,"1":2,"2":2,"3":2,"4":2,"5":2,"6":2},"f":{"0":2},"b":{"0":[2,2]}}
,"C:\\Users\\arian\\OneDrive\\Documents\\Pos\\Postech\\web_cafeteria\\app\\entity\\enum\\statusPedido.ts": {"path":"C:\\Users\\arian\\OneDrive\\Documents\\Pos\\Postech\\web_cafeteria\\app\\entity\\enum\\statusPedido.ts","statementMap":{"0":{"start":{"line":1,"column":0},"end":{"line":1,"column":null}},"1":{"start":{"line":2,"column":4},"end":{"line":2,"column":null}},"2":{"start":{"line":3,"column":4},"end":{"line":3,"column":null}},"3":{"start":{"line":4,"column":4},"end":{"line":4,"column":null}},"4":{"start":{"line":5,"column":4},"end":{"line":5,"column":null}},"5":{"start":{"line":6,"column":4},"end":{"line":6,"column":null}}},"fnMap":{"0":{"name":"(anonymous_0)","decl":{"start":{"line":1,"column":0},"end":{"line":1,"column":12}},"loc":{"start":{"line":1,"column":24},"end":{"line":7,"column":3}}}},"branchMap":{"0":{"loc":{"start":{"line":1,"column":12},"end":{"line":1,"column":null}},"type":"binary-expr","locations":[{"start":{"line":1,"column":12},"end":{"line":1,"column":24}},{"start":{"line":1,"column":24},"end":{"line":1,"column":null}}]}},"s":{"0":3,"1":3,"2":3,"3":3,"4":3,"5":3},"f":{"0":3},"b":{"0":[3,3]}}
,"C:\\Users\\arian\\OneDrive\\Documents\\Pos\\Postech\\web_cafeteria\\app\\external\\MysqlDataBase.ts": {"path":"C:\\Users\\arian\\OneDrive\\Documents\\Pos\\Postech\\web_cafeteria\\app\\external\\MysqlDataBase.ts","statementMap":{"0":{"start":{"line":2,"column":0},"end":{"line":2,"column":50}},"1":{"start":{"line":19,"column":8},"end":{"line":19,"column":40}},"2":{"start":{"line":23,"column":36},"end":{"line":23,"column":38}},"3":{"start":{"line":24,"column":32},"end":{"line":24,"column":34}},"4":{"start":{"line":25,"column":30},"end":{"line":25,"column":32}},"5":{"start":{"line":28,"column":6},"end":{"line":32,"column":9}},"6":{"start":{"line":29,"column":8},"end":{"line":29,"column":37}},"7":{"start":{"line":30,"column":8},"end":{"line":30,"column":33}},"8":{"start":{"line":31,"column":8},"end":{"line":31,"column":24}},"9":{"start":{"line":34,"column":18},"end":{"line":39,"column":10}},"10":{"start":{"line":40,"column":8},"end":{"line":40,"column":25}},"11":{"start":{"line":41,"column":8},"end":{"line":41,"column":29}},"12":{"start":{"line":42,"column":19},"end":{"line":42,"column":59}},"13":{"start":{"line":43,"column":6},"end":{"line":43,"column":18}},"14":{"start":{"line":47,"column":32},"end":{"line":47,"column":72}},"15":{"start":{"line":49,"column":38},"end":{"line":49,"column":40}},"16":{"start":{"line":50,"column":36},"end":{"line":50,"column":38}},"17":{"start":{"line":53,"column":8},"end":{"line":57,"column":11}},"18":{"start":{"line":54,"column":8},"end":{"line":54,"column":46}},"19":{"start":{"line":55,"column":8},"end":{"line":55,"column":38}},"20":{"start":{"line":58,"column":20},"end":{"line":62,"column":10}},"21":{"start":{"line":63,"column":8},"end":{"line":63,"column":51}},"22":{"start":{"line":65,"column":21},"end":{"line":65,"column":66}},"23":{"start":{"line":66,"column":8},"end":{"line":66,"column":20}},"24":{"start":{"line":69,"column":32},"end":{"line":69,"column":72}},"25":{"start":{"line":70,"column":20},"end":{"line":73,"column":10}},"26":{"start":{"line":74,"column":21},"end":{"line":74,"column":77}},"27":{"start":{"line":75,"column":8},"end":{"line":75,"column":20}},"28":{"start":{"line":81,"column":8},"end":{"line":81,"column":null}},"29":{"start":{"line":84,"column":28},"end":{"line":84,"column":63}},"30":{"start":{"line":85,"column":32},"end":{"line":85,"column":72}},"31":{"start":{"line":87,"column":20},"end":{"line":91,"column":10}},"32":{"start":{"line":94,"column":21},"end":{"line":94,"column":77}},"33":{"start":{"line":96,"column":8},"end":{"line":96,"column":20}},"34":{"start":{"line":101,"column":8},"end":{"line":107,"column":null}},"35":{"start":{"line":102,"column":10},"end":{"line":102,"column":23}},"36":{"start":{"line":103,"column":15},"end":{"line":107,"column":null}},"37":{"start":{"line":104,"column":10},"end":{"line":104,"column":23}},"38":{"start":{"line":106,"column":10},"end":{"line":106,"column":35}},"39":{"start":{"line":112,"column":8},"end":{"line":119,"column":null}},"40":{"start":{"line":113,"column":10},"end":{"line":118,"column":12}},"41":{"start":{"line":121,"column":42},"end":{"line":121,"column":44}},"42":{"start":{"line":122,"column":31},"end":{"line":122,"column":33}},"43":{"start":{"line":123,"column":32},"end":{"line":123,"column":34}},"44":{"start":{"line":125,"column":8},"end":{"line":132,"column":11}},"45":{"start":{"line":127,"column":10},"end":{"line":127,"column":77}},"46":{"start":{"line":129,"column":10},"end":{"line":129,"column":68}},"47":{"start":{"line":130,"column":10},"end":{"line":130,"column":35}},"48":{"start":{"line":131,"column":10},"end":{"line":131,"column":33}},"49":{"start":{"line":133,"column":8},"end":{"line":138,"column":10}},"50":{"start":{"line":142,"column":20},"end":{"line":145,"column":35}},"51":{"start":{"line":146,"column":8},"end":{"line":146,"column":null}},"52":{"start":{"line":150,"column":22},"end":{"line":150,"column":66}},"53":{"start":{"line":151,"column":8},"end":{"line":151,"column":null}},"54":{"start":{"line":12,"column":0},"end":{"line":12,"column":13}},"55":{"start":{"line":156,"column":0},"end":{"line":156,"column":29}}},"fnMap":{"0":{"name":"(anonymous_7)","decl":{"start":{"line":17,"column":4},"end":{"line":17,"column":null}},"loc":{"start":{"line":17,"column":4},"end":{"line":20,"column":5}}},"1":{"name":"(anonymous_8)","decl":{"start":{"line":22,"column":10},"end":{"line":22,"column":15}},"loc":{"start":{"line":22,"column":61},"end":{"line":45,"column":null}}},"2":{"name":"(anonymous_10)","decl":{"start":{"line":28,"column":25},"end":{"line":28,"column":35}},"loc":{"start":{"line":28,"column":39},"end":{"line":32,"column":7}}},"3":{"name":"(anonymous_11)","decl":{"start":{"line":46,"column":10},"end":{"line":46,"column":16}},"loc":{"start":{"line":46,"column":92},"end":{"line":67,"column":null}}},"4":{"name":"(anonymous_13)","decl":{"start":{"line":53,"column":23},"end":{"line":53,"column":33}},"loc":{"start":{"line":53,"column":37},"end":{"line":57,"column":9}}},"5":{"name":"(anonymous_14)","decl":{"start":{"line":68,"column":10},"end":{"line":68,"column":16}},"loc":{"start":{"line":68,"column":62},"end":{"line":76,"column":null}}},"6":{"name":"(anonymous_16)","decl":{"start":{"line":80,"column":10},"end":{"line":80,"column":15}},"loc":{"start":{"line":80,"column":29},"end":{"line":82,"column":null}}},"7":{"name":"(anonymous_18)","decl":{"start":{"line":83,"column":10},"end":{"line":83,"column":14}},"loc":{"start":{"line":83,"column":85},"end":{"line":97,"column":null}}},"8":{"name":"(anonymous_20)","decl":{"start":{"line":100,"column":12},"end":{"line":100,"column":34}},"loc":{"start":{"line":100,"column":70},"end":{"line":108,"column":5}}},"9":{"name":"(anonymous_21)","decl":{"start":{"line":109,"column":12},"end":{"line":109,"column":35}},"loc":{"start":{"line":110,"column":48},"end":{"line":139,"column":5}}},"10":{"name":"(anonymous_22)","decl":{"start":{"line":125,"column":23},"end":{"line":125,"column":33}},"loc":{"start":{"line":125,"column":37},"end":{"line":132,"column":9}}},"11":{"name":"(anonymous_23)","decl":{"start":{"line":141,"column":10},"end":{"line":141,"column":29}},"loc":{"start":{"line":141,"column":32},"end":{"line":147,"column":6}}},"12":{"name":"(anonymous_25)","decl":{"start":{"line":149,"column":10},"end":{"line":149,"column":31}},"loc":{"start":{"line":149,"column":45},"end":{"line":153,"column":null}}}},"branchMap":{"0":{"loc":{"start":{"line":101,"column":8},"end":{"line":107,"column":null}},"type":"if","locations":[{"start":{"line":101,"column":8},"end":{"line":107,"column":null}},{"start":{"line":103,"column":15},"end":{"line":107,"column":null}}]},"1":{"loc":{"start":{"line":101,"column":12},"end":{"line":101,"column":51}},"type":"binary-expr","locations":[{"start":{"line":101,"column":12},"end":{"line":101,"column":32}},{"start":{"line":101,"column":36},"end":{"line":101,"column":51}}]},"2":{"loc":{"start":{"line":103,"column":15},"end":{"line":107,"column":null}},"type":"if","locations":[{"start":{"line":103,"column":15},"end":{"line":107,"column":null}},{"start":{"line":105,"column":15},"end":{"line":107,"column":null}}]},"3":{"loc":{"start":{"line":112,"column":8},"end":{"line":119,"column":null}},"type":"if","locations":[{"start":{"line":112,"column":8},"end":{"line":119,"column":null}}]},"4":{"loc":{"start":{"line":112,"column":12},"end":{"line":112,"column":51}},"type":"binary-expr","locations":[{"start":{"line":112,"column":12},"end":{"line":112,"column":27}},{"start":{"line":112,"column":31},"end":{"line":112,"column":51}}]},"5":{"loc":{"start":{"line":127,"column":26},"end":{"line":127,"column":76}},"type":"cond-expr","locations":[{"start":{"line":127,"column":57},"end":{"line":127,"column":60}},{"start":{"line":127,"column":62},"end":{"line":127,"column":76}}]}},"s":{"0":1,"1":1,"2":0,"3":0,"4":0,"5":0,"6":0,"7":0,"8":0,"9":0,"10":0,"11":0,"12":0,"13":0,"14":0,"15":0,"16":0,"17":0,"18":0,"19":0,"20":0,"21":0,"22":0,"23":0,"24":0,"25":0,"26":0,"27":0,"28":0,"29":0,"30":0,"31":0,"32":0,"33":0,"34":0,"35":0,"36":0,"37":0,"38":0,"39":0,"40":0,"41":0,"42":0,"43":0,"44":0,"45":0,"46":0,"47":0,"48":0,"49":0,"50":0,"51":0,"52":0,"53":0,"54":1,"55":1},"f":{"0":1,"1":0,"2":0,"3":0,"4":0,"5":0,"6":0,"7":0,"8":0,"9":0,"10":0,"11":0,"12":0},"b":{"0":[0,0],"1":[0,0],"2":[0,0],"3":[0],"4":[0,0],"5":[0,0]}}
,"C:\\Users\\arian\\OneDrive\\Documents\\Pos\\Postech\\web_cafeteria\\app\\external\\mariadbConnection.ts": {"path":"C:\\Users\\arian\\OneDrive\\Documents\\Pos\\Postech\\web_cafeteria\\app\\external\\mariadbConnection.ts","statementMap":{"0":{"start":{"line":1,"column":0},"end":{"line":1,"column":35}},"1":{"start":{"line":6,"column":4},"end":{"line":6,"column":42}},"2":{"start":{"line":9,"column":8},"end":{"line":9,"column":23}},"3":{"start":{"line":13,"column":8},"end":{"line":13,"column":47}},"4":{"start":{"line":14,"column":8},"end":{"line":20,"column":11}},"5":{"start":{"line":22,"column":8},"end":{"line":29,"column":28}},"6":{"start":{"line":31,"column":8},"end":{"line":36,"column":28}},"7":{"start":{"line":38,"column":8},"end":{"line":48,"column":11}},"8":{"start":{"line":50,"column":8},"end":{"line":59,"column":11}},"9":{"start":{"line":61,"column":8},"end":{"line":69,"column":11}},"10":{"start":{"line":71,"column":8},"end":{"line":89,"column":11}},"11":{"start":{"line":93,"column":8},"end":{"line":93,"column":31}},"12":{"start":{"line":97,"column":0},"end":{"line":97,"column":null}}},"fnMap":{"0":{"name":"(anonymous_7)","decl":{"start":{"line":8,"column":4},"end":{"line":8,"column":null}},"loc":{"start":{"line":8,"column":4},"end":{"line":10,"column":5}}},"1":{"name":"(anonymous_8)","decl":{"start":{"line":12,"column":10},"end":{"line":12,"column":17}},"loc":{"start":{"line":12,"column":17},"end":{"line":90,"column":null}}},"2":{"name":"(anonymous_10)","decl":{"start":{"line":92,"column":11},"end":{"line":92,"column":15}},"loc":{"start":{"line":92,"column":15},"end":{"line":94,"column":5}}}},"branchMap":{},"s":{"0":1,"1":1,"2":1,"3":1,"4":1,"5":0,"6":0,"7":0,"8":0,"9":0,"10":0,"11":0,"12":1},"f":{"0":1,"1":1,"2":0},"b":{}}
,"C:\\Users\\arian\\OneDrive\\Documents\\Pos\\Postech\\web_cafeteria\\app\\gateways\\paymentsMethods\\PaymentoMethods.ts": {"path":"C:\\Users\\arian\\OneDrive\\Documents\\Pos\\Postech\\web_cafeteria\\app\\gateways\\paymentsMethods\\PaymentoMethods.ts","statementMap":{"0":{"start":{"line":1,"column":0},"end":{"line":5,"column":2}}},"fnMap":{},"branchMap":{},"s":{"0":1},"f":{},"b":{}}
,"C:\\Users\\arian\\OneDrive\\Documents\\Pos\\Postech\\web_cafeteria\\app\\gateways\\paymentsMethods\\MercadoPago\\MPagamento.ts": {"path":"C:\\Users\\arian\\OneDrive\\Documents\\Pos\\Postech\\web_cafeteria\\app\\gateways\\paymentsMethods\\MercadoPago\\MPagamento.ts","statementMap":{"0":{"start":{"line":3,"column":0},"end":{"line":3,"column":49}},"1":{"start":{"line":19,"column":4},"end":{"line":21,"column":null}},"2":{"start":{"line":20,"column":8},"end":{"line":20,"column":76}},"3":{"start":{"line":23,"column":11},"end":{"line":31,"column":null}},"4":{"start":{"line":23,"column":48},"end":{"line":31,"column":null}},"5":{"start":{"line":24,"column":8},"end":{"line":30,"column":null}},"6":{"start":{"line":25,"column":12},"end":{"line":25,"column":44}},"7":{"start":{"line":26,"column":15},"end":{"line":30,"column":null}},"8":{"start":{"line":27,"column":12},"end":{"line":27,"column":45}},"9":{"start":{"line":29,"column":12},"end":{"line":29,"column":63}},"10":{"start":{"line":33,"column":4},"end":{"line":62,"column":null}},"11":{"start":{"line":33,"column":40},"end":{"line":62,"column":null}},"12":{"start":{"line":34,"column":26},"end":{"line":49,"column":10}},"13":{"start":{"line":51,"column":8},"end":{"line":53,"column":null}},"14":{"start":{"line":52,"column":12},"end":{"line":52,"column":49}},"15":{"start":{"line":55,"column":8},"end":{"line":55,"column":46}},"16":{"start":{"line":57,"column":8},"end":{"line":59,"column":null}},"17":{"start":{"line":61,"column":8},"end":{"line":61,"column":29}},"18":{"start":{"line":64,"column":4},"end":{"line":66,"column":null}},"19":{"start":{"line":64,"column":41},"end":{"line":66,"column":null}},"20":{"start":{"line":65,"column":8},"end":{"line":65,"column":51}},"21":{"start":{"line":68,"column":11},"end":{"line":70,"column":null}},"22":{"start":{"line":68,"column":39},"end":{"line":70,"column":null}},"23":{"start":{"line":69,"column":8},"end":{"line":69,"column":51}},"24":{"start":{"line":15,"column":8},"end":{"line":15,"column":null}},"25":{"start":{"line":16,"column":8},"end":{"line":16,"column":38}},"26":{"start":{"line":74,"column":0},"end":{"line":74,"column":26}}},"fnMap":{"0":{"name":"(anonymous_7)","decl":{"start":{"line":14,"column":4},"end":{"line":14,"column":null}},"loc":{"start":{"line":14,"column":4},"end":{"line":17,"column":5}}},"1":{"name":"(anonymous_8)","decl":{"start":{"line":19,"column":26},"end":{"line":19,"column":39}},"loc":{"start":{"line":19,"column":41},"end":{"line":21,"column":5}}},"2":{"name":"(anonymous_9)","decl":{"start":{"line":23,"column":19},"end":{"line":23,"column":26}},"loc":{"start":{"line":23,"column":48},"end":{"line":31,"column":null}}},"3":{"name":"(anonymous_10)","decl":{"start":{"line":23,"column":48},"end":{"line":23,"column":null}},"loc":{"start":{"line":23,"column":48},"end":{"line":31,"column":5}}},"4":{"name":"(anonymous_11)","decl":{"start":{"line":33,"column":10},"end":{"line":33,"column":17}},"loc":{"start":{"line":33,"column":40},"end":{"line":62,"column":null}}},"5":{"name":"(anonymous_12)","decl":{"start":{"line":33,"column":40},"end":{"line":33,"column":null}},"loc":{"start":{"line":33,"column":40},"end":{"line":62,"column":5}}},"6":{"name":"(anonymous_13)","decl":{"start":{"line":64,"column":11},"end":{"line":64,"column":18}},"loc":{"start":{"line":64,"column":41},"end":{"line":66,"column":null}}},"7":{"name":"(anonymous_14)","decl":{"start":{"line":64,"column":41},"end":{"line":64,"column":null}},"loc":{"start":{"line":64,"column":41},"end":{"line":66,"column":5}}},"8":{"name":"(anonymous_15)","decl":{"start":{"line":68,"column":18},"end":{"line":68,"column":25}},"loc":{"start":{"line":68,"column":39},"end":{"line":70,"column":null}}},"9":{"name":"(anonymous_16)","decl":{"start":{"line":68,"column":39},"end":{"line":68,"column":null}},"loc":{"start":{"line":68,"column":39},"end":{"line":70,"column":5}}}},"branchMap":{"0":{"loc":{"start":{"line":24,"column":8},"end":{"line":30,"column":null}},"type":"if","locations":[{"start":{"line":24,"column":8},"end":{"line":30,"column":null}},{"start":{"line":26,"column":15},"end":{"line":30,"column":null}}]},"1":{"loc":{"start":{"line":26,"column":15},"end":{"line":30,"column":null}},"type":"if","locations":[{"start":{"line":26,"column":15},"end":{"line":30,"column":null}},{"start":{"line":28,"column":15},"end":{"line":30,"column":null}}]},"2":{"loc":{"start":{"line":51,"column":8},"end":{"line":53,"column":null}},"type":"if","locations":[{"start":{"line":51,"column":8},"end":{"line":53,"column":null}}]},"3":{"loc":{"start":{"line":57,"column":8},"end":{"line":59,"column":null}},"type":"if","locations":[{"start":{"line":57,"column":8},"end":{"line":59,"column":null}}]}},"s":{"0":1,"1":2,"2":0,"3":2,"4":1,"5":1,"6":1,"7":0,"8":0,"9":0,"10":2,"11":1,"12":1,"13":1,"14":0,"15":1,"16":1,"17":1,"18":2,"19":0,"20":0,"21":2,"22":0,"23":0,"24":2,"25":2,"26":1},"f":{"0":2,"1":0,"2":1,"3":1,"4":1,"5":1,"6":0,"7":0,"8":0,"9":0},"b":{"0":[1,0],"1":[0,0],"2":[0],"3":[1]}}
}
