{"C:\\nodejs\\ts\\app\\application\\core\\configs.ts": {"path":"C:\\nodejs\\ts\\app\\application\\core\\configs.ts","statementMap":{"0":{"start":{"line":2,"column":4},"end":{"line":2,"column":35}},"1":{"start":{"line":5,"column":0},"end":{"line":5,"column":27}}},"fnMap":{"0":{"name":"(anonymous_0)","decl":{"start":{"line":1,"column":0},"end":{"line":1,"column":6}},"loc":{"start":{"line":1,"column":0},"end":{"line":3,"column":1}}}},"branchMap":{},"s":{"0":1,"1":1},"f":{"0":1},"b":{}}
,"C:\\nodejs\\ts\\app\\application\\core\\jwt.ts": {"path":"C:\\nodejs\\ts\\app\\application\\core\\jwt.ts","statementMap":{"0":{"start":{"line":1,"column":0},"end":{"line":1,"column":36}},"1":{"start":{"line":6,"column":4},"end":{"line":6,"column":18}},"2":{"start":{"line":7,"column":11},"end":{"line":7,"column":35}},"3":{"start":{"line":20,"column":4},"end":{"line":22,"column":null}},"4":{"start":{"line":21,"column":8},"end":{"line":21,"column":51}},"5":{"start":{"line":10,"column":8},"end":{"line":10,"column":29}},"6":{"start":{"line":11,"column":8},"end":{"line":17,"column":null}},"7":{"start":{"line":25,"column":0},"end":{"line":25,"column":19}}},"fnMap":{"0":{"name":"(anonymous_0)","decl":{"start":{"line":9,"column":4},"end":{"line":9,"column":17}},"loc":{"start":{"line":9,"column":35},"end":{"line":18,"column":5}}},"1":{"name":"(anonymous_1)","decl":{"start":{"line":20,"column":11},"end":{"line":20,"column":23}},"loc":{"start":{"line":20,"column":25},"end":{"line":22,"column":5}}}},"branchMap":{},"s":{"0":1,"1":1,"2":1,"3":1,"4":1,"5":1,"6":1,"7":1},"f":{"0":1,"1":1},"b":{}}
,"C:\\nodejs\\ts\\app\\application\\core\\mariadbConnection.ts": {"path":"C:\\nodejs\\ts\\app\\application\\core\\mariadbConnection.ts","statementMap":{"0":{"start":{"line":1,"column":0},"end":{"line":1,"column":35}},"1":{"start":{"line":6,"column":4},"end":{"line":6,"column":42}},"2":{"start":{"line":9,"column":8},"end":{"line":9,"column":23}},"3":{"start":{"line":13,"column":8},"end":{"line":19,"column":11}},"4":{"start":{"line":21,"column":8},"end":{"line":28,"column":28}},"5":{"start":{"line":30,"column":8},"end":{"line":35,"column":28}},"6":{"start":{"line":37,"column":8},"end":{"line":47,"column":11}},"7":{"start":{"line":49,"column":8},"end":{"line":58,"column":11}},"8":{"start":{"line":60,"column":8},"end":{"line":68,"column":11}},"9":{"start":{"line":70,"column":8},"end":{"line":88,"column":11}},"10":{"start":{"line":92,"column":8},"end":{"line":92,"column":31}},"11":{"start":{"line":96,"column":0},"end":{"line":96,"column":null}}},"fnMap":{"0":{"name":"(anonymous_7)","decl":{"start":{"line":8,"column":4},"end":{"line":8,"column":null}},"loc":{"start":{"line":8,"column":4},"end":{"line":10,"column":5}}},"1":{"name":"(anonymous_8)","decl":{"start":{"line":12,"column":10},"end":{"line":12,"column":17}},"loc":{"start":{"line":12,"column":17},"end":{"line":89,"column":null}}},"2":{"name":"(anonymous_10)","decl":{"start":{"line":91,"column":11},"end":{"line":91,"column":15}},"loc":{"start":{"line":91,"column":15},"end":{"line":93,"column":5}}}},"branchMap":{},"s":{"0":1,"1":1,"2":1,"3":1,"4":0,"5":0,"6":0,"7":0,"8":0,"9":0,"10":0,"11":1},"f":{"0":1,"1":1,"2":0},"b":{}}
,"C:\\nodejs\\ts\\app\\application\\core\\paymentsMethods\\PaymentoMethods.ts": {"path":"C:\\nodejs\\ts\\app\\application\\core\\paymentsMethods\\PaymentoMethods.ts","statementMap":{"0":{"start":{"line":1,"column":0},"end":{"line":5,"column":2}}},"fnMap":{},"branchMap":{},"s":{"0":1},"f":{},"b":{}}
,"C:\\nodejs\\ts\\app\\application\\core\\paymentsMethods\\MercadoPago\\MPagamento.ts": {"path":"C:\\nodejs\\ts\\app\\application\\core\\paymentsMethods\\MercadoPago\\MPagamento.ts","statementMap":{"0":{"start":{"line":5,"column":0},"end":{"line":5,"column":49}},"1":{"start":{"line":20,"column":11},"end":{"line":28,"column":null}},"2":{"start":{"line":20,"column":48},"end":{"line":28,"column":null}},"3":{"start":{"line":21,"column":8},"end":{"line":27,"column":null}},"4":{"start":{"line":22,"column":12},"end":{"line":22,"column":44}},"5":{"start":{"line":23,"column":15},"end":{"line":27,"column":null}},"6":{"start":{"line":24,"column":12},"end":{"line":24,"column":45}},"7":{"start":{"line":26,"column":12},"end":{"line":26,"column":63}},"8":{"start":{"line":30,"column":4},"end":{"line":59,"column":null}},"9":{"start":{"line":30,"column":40},"end":{"line":59,"column":null}},"10":{"start":{"line":31,"column":26},"end":{"line":46,"column":10}},"11":{"start":{"line":48,"column":8},"end":{"line":50,"column":null}},"12":{"start":{"line":49,"column":12},"end":{"line":49,"column":49}},"13":{"start":{"line":52,"column":26},"end":{"line":52,"column":47}},"14":{"start":{"line":54,"column":8},"end":{"line":56,"column":null}},"15":{"start":{"line":58,"column":8},"end":{"line":58,"column":27}},"16":{"start":{"line":61,"column":4},"end":{"line":63,"column":null}},"17":{"start":{"line":61,"column":41},"end":{"line":63,"column":null}},"18":{"start":{"line":62,"column":8},"end":{"line":62,"column":51}},"19":{"start":{"line":65,"column":11},"end":{"line":67,"column":null}},"20":{"start":{"line":65,"column":39},"end":{"line":67,"column":null}},"21":{"start":{"line":66,"column":8},"end":{"line":66,"column":51}},"22":{"start":{"line":16,"column":8},"end":{"line":16,"column":null}},"23":{"start":{"line":17,"column":8},"end":{"line":17,"column":38}},"24":{"start":{"line":71,"column":0},"end":{"line":71,"column":26}}},"fnMap":{"0":{"name":"(anonymous_7)","decl":{"start":{"line":15,"column":4},"end":{"line":15,"column":null}},"loc":{"start":{"line":15,"column":4},"end":{"line":18,"column":5}}},"1":{"name":"(anonymous_8)","decl":{"start":{"line":20,"column":19},"end":{"line":20,"column":26}},"loc":{"start":{"line":20,"column":48},"end":{"line":28,"column":null}}},"2":{"name":"(anonymous_9)","decl":{"start":{"line":20,"column":48},"end":{"line":20,"column":null}},"loc":{"start":{"line":20,"column":48},"end":{"line":28,"column":5}}},"3":{"name":"(anonymous_10)","decl":{"start":{"line":30,"column":10},"end":{"line":30,"column":17}},"loc":{"start":{"line":30,"column":40},"end":{"line":59,"column":null}}},"4":{"name":"(anonymous_11)","decl":{"start":{"line":30,"column":40},"end":{"line":30,"column":null}},"loc":{"start":{"line":30,"column":40},"end":{"line":59,"column":5}}},"5":{"name":"(anonymous_12)","decl":{"start":{"line":61,"column":11},"end":{"line":61,"column":18}},"loc":{"start":{"line":61,"column":41},"end":{"line":63,"column":null}}},"6":{"name":"(anonymous_13)","decl":{"start":{"line":61,"column":41},"end":{"line":61,"column":null}},"loc":{"start":{"line":61,"column":41},"end":{"line":63,"column":5}}},"7":{"name":"(anonymous_14)","decl":{"start":{"line":65,"column":18},"end":{"line":65,"column":25}},"loc":{"start":{"line":65,"column":39},"end":{"line":67,"column":null}}},"8":{"name":"(anonymous_15)","decl":{"start":{"line":65,"column":39},"end":{"line":65,"column":null}},"loc":{"start":{"line":65,"column":39},"end":{"line":67,"column":5}}}},"branchMap":{"0":{"loc":{"start":{"line":21,"column":8},"end":{"line":27,"column":null}},"type":"if","locations":[{"start":{"line":21,"column":8},"end":{"line":27,"column":null}},{"start":{"line":23,"column":15},"end":{"line":27,"column":null}}]},"1":{"loc":{"start":{"line":23,"column":15},"end":{"line":27,"column":null}},"type":"if","locations":[{"start":{"line":23,"column":15},"end":{"line":27,"column":null}},{"start":{"line":25,"column":15},"end":{"line":27,"column":null}}]},"2":{"loc":{"start":{"line":48,"column":8},"end":{"line":50,"column":null}},"type":"if","locations":[{"start":{"line":48,"column":8},"end":{"line":50,"column":null}}]},"3":{"loc":{"start":{"line":54,"column":8},"end":{"line":56,"column":null}},"type":"if","locations":[{"start":{"line":54,"column":8},"end":{"line":56,"column":null}}]}},"s":{"0":1,"1":2,"2":1,"3":1,"4":1,"5":0,"6":0,"7":0,"8":2,"9":1,"10":1,"11":1,"12":0,"13":1,"14":1,"15":1,"16":2,"17":0,"18":0,"19":2,"20":0,"21":0,"22":2,"23":2,"24":1},"f":{"0":2,"1":1,"2":1,"3":1,"4":1,"5":0,"6":0,"7":0,"8":0},"b":{"0":[1,0],"1":[0,0],"2":[0],"3":[1]}}
,"C:\\nodejs\\ts\\app\\application\\database\\IDataBase.ts": {"path":"C:\\nodejs\\ts\\app\\application\\database\\IDataBase.ts","statementMap":{"0":{"start":{"line":2,"column":11},"end":{"line":2,"column":29}},"1":{"start":{"line":12,"column":0},"end":{"line":12,"column":25}}},"fnMap":{"0":{"name":"(anonymous_0)","decl":{"start":{"line":1,"column":0},"end":{"line":1,"column":15}},"loc":{"start":{"line":1,"column":0},"end":{"line":10,"column":1}}}},"branchMap":{},"s":{"0":1,"1":1},"f":{"0":1},"b":{}}
,"C:\\nodejs\\ts\\app\\application\\database\\MysqlDataBase.ts": {"path":"C:\\nodejs\\ts\\app\\application\\database\\MysqlDataBase.ts","statementMap":{"0":{"start":{"line":1,"column":0},"end":{"line":1,"column":36}},"1":{"start":{"line":2,"column":0},"end":{"line":2,"column":56}},"2":{"start":{"line":9,"column":8},"end":{"line":9,"column":16}},"3":{"start":{"line":6,"column":4},"end":{"line":6,"column":31}},"4":{"start":{"line":10,"column":8},"end":{"line":10,"column":40}},"5":{"start":{"line":14,"column":8},"end":{"line":14,"column":55}},"6":{"start":{"line":17,"column":8},"end":{"line":17,"column":55}},"7":{"start":{"line":20,"column":8},"end":{"line":20,"column":49}},"8":{"start":{"line":23,"column":8},"end":{"line":23,"column":49}},"9":{"start":{"line":26,"column":8},"end":{"line":26,"column":null}},"10":{"start":{"line":30,"column":0},"end":{"line":30,"column":29}}},"fnMap":{"0":{"name":"(anonymous_7)","decl":{"start":{"line":8,"column":4},"end":{"line":8,"column":null}},"loc":{"start":{"line":8,"column":4},"end":{"line":11,"column":5}}},"1":{"name":"(anonymous_8)","decl":{"start":{"line":13,"column":10},"end":{"line":13,"column":15}},"loc":{"start":{"line":13,"column":40},"end":{"line":15,"column":null}}},"2":{"name":"(anonymous_10)","decl":{"start":{"line":16,"column":10},"end":{"line":16,"column":16}},"loc":{"start":{"line":16,"column":41},"end":{"line":18,"column":null}}},"3":{"name":"(anonymous_12)","decl":{"start":{"line":19,"column":10},"end":{"line":19,"column":16}},"loc":{"start":{"line":19,"column":30},"end":{"line":21,"column":null}}},"4":{"name":"(anonymous_14)","decl":{"start":{"line":22,"column":10},"end":{"line":22,"column":14}},"loc":{"start":{"line":22,"column":28},"end":{"line":24,"column":null}}},"5":{"name":"(anonymous_16)","decl":{"start":{"line":25,"column":10},"end":{"line":25,"column":15}},"loc":{"start":{"line":25,"column":29},"end":{"line":27,"column":null}}}},"branchMap":{},"s":{"0":1,"1":1,"2":1,"3":1,"4":1,"5":0,"6":0,"7":0,"8":0,"9":0,"10":1},"f":{"0":1,"1":0,"2":0,"3":0,"4":0,"5":0},"b":{}}
,"C:\\nodejs\\ts\\app\\domain\\cases\\usuarioCasoDeUso.ts": {"path":"C:\\nodejs\\ts\\app\\domain\\cases\\usuarioCasoDeUso.ts","statementMap":{"0":{"start":{"line":1,"column":0},"end":{"line":1,"column":53}},"1":{"start":{"line":2,"column":0},"end":{"line":2,"column":45}},"2":{"start":{"line":3,"column":0},"end":{"line":3,"column":34}},"3":{"start":{"line":8,"column":24},"end":{"line":11,"column":10}},"4":{"start":{"line":12,"column":8},"end":{"line":12,"column":30}},"5":{"start":{"line":16,"column":0},"end":{"line":16,"column":32}}},"fnMap":{"0":{"name":"(anonymous_0)","decl":{"start":{"line":7,"column":11},"end":{"line":7,"column":21}},"loc":{"start":{"line":7,"column":21},"end":{"line":13,"column":5}}}},"branchMap":{},"s":{"0":1,"1":1,"2":1,"3":1,"4":1,"5":1},"f":{"0":1},"b":{}}
,"C:\\nodejs\\ts\\app\\domain\\entity\\cartao.ts": {"path":"C:\\nodejs\\ts\\app\\domain\\entity\\cartao.ts","statementMap":{"0":{"start":{"line":5,"column":25},"end":{"line":5,"column":37}},"1":{"start":{"line":5,"column":47},"end":{"line":5,"column":61}},"2":{"start":{"line":5,"column":72},"end":{"line":5,"column":83}},"3":{"start":{"line":5,"column":94},"end":{"line":5,"column":116}},"4":{"start":{"line":6,"column":8},"end":{"line":8,"column":null}},"5":{"start":{"line":7,"column":12},"end":{"line":7,"column":63}},"6":{"start":{"line":9,"column":8},"end":{"line":11,"column":null}},"7":{"start":{"line":10,"column":12},"end":{"line":10,"column":72}},"8":{"start":{"line":12,"column":8},"end":{"line":14,"column":null}},"9":{"start":{"line":13,"column":12},"end":{"line":13,"column":60}},"10":{"start":{"line":15,"column":8},"end":{"line":17,"column":null}},"11":{"start":{"line":16,"column":12},"end":{"line":16,"column":74}},"12":{"start":{"line":21,"column":0},"end":{"line":21,"column":22}}},"fnMap":{"0":{"name":"(anonymous_0)","decl":{"start":{"line":5,"column":4},"end":{"line":5,"column":25}},"loc":{"start":{"line":5,"column":116},"end":{"line":18,"column":5}}}},"branchMap":{"0":{"loc":{"start":{"line":6,"column":8},"end":{"line":8,"column":null}},"type":"if","locations":[{"start":{"line":6,"column":8},"end":{"line":8,"column":null}}]},"1":{"loc":{"start":{"line":9,"column":8},"end":{"line":11,"column":null}},"type":"if","locations":[{"start":{"line":9,"column":8},"end":{"line":11,"column":null}}]},"2":{"loc":{"start":{"line":12,"column":8},"end":{"line":14,"column":null}},"type":"if","locations":[{"start":{"line":12,"column":8},"end":{"line":14,"column":null}}]},"3":{"loc":{"start":{"line":15,"column":8},"end":{"line":17,"column":null}},"type":"if","locations":[{"start":{"line":15,"column":8},"end":{"line":17,"column":null}}]}},"s":{"0":6,"1":6,"2":6,"3":6,"4":6,"5":1,"6":5,"7":1,"8":4,"9":1,"10":3,"11":1,"12":2},"f":{"0":6},"b":{"0":[1],"1":[1],"2":[1],"3":[1]}}
,"C:\\nodejs\\ts\\app\\domain\\entity\\categoria.ts": {"path":"C:\\nodejs\\ts\\app\\domain\\entity\\categoria.ts","statementMap":{"0":{"start":{"line":5,"column":40},"end":{"line":5,"column":43}},"1":{"start":{"line":3,"column":11},"end":{"line":3,"column":31}},"2":{"start":{"line":6,"column":8},"end":{"line":8,"column":null}},"3":{"start":{"line":7,"column":12},"end":{"line":7,"column":66}},"4":{"start":{"line":9,"column":8},"end":{"line":9,"column":25}},"5":{"start":{"line":10,"column":8},"end":{"line":10,"column":21}},"6":{"start":{"line":15,"column":0},"end":{"line":15,"column":25}}},"fnMap":{"0":{"name":"(anonymous_0)","decl":{"start":{"line":5,"column":4},"end":{"line":5,"column":16}},"loc":{"start":{"line":5,"column":43},"end":{"line":11,"column":5}}}},"branchMap":{"0":{"loc":{"start":{"line":6,"column":8},"end":{"line":8,"column":null}},"type":"if","locations":[{"start":{"line":6,"column":8},"end":{"line":8,"column":null}}]},"1":{"loc":{"start":{"line":6,"column":12},"end":{"line":6,"column":38}},"type":"binary-expr","locations":[{"start":{"line":6,"column":12},"end":{"line":6,"column":24}},{"start":{"line":6,"column":28},"end":{"line":6,"column":38}}]}},"s":{"0":12,"1":12,"2":12,"3":3,"4":9,"5":9,"6":4},"f":{"0":12},"b":{"0":[3],"1":[12,11]}}
,"C:\\nodejs\\ts\\app\\domain\\entity\\checkout.ts": {"path":"C:\\nodejs\\ts\\app\\domain\\entity\\checkout.ts","statementMap":{"0":{"start":{"line":4,"column":0},"end":{"line":4,"column":36}},"1":{"start":{"line":5,"column":0},"end":{"line":5,"column":55}},"2":{"start":{"line":18,"column":25},"end":{"line":18,"column":39}},"3":{"start":{"line":18,"column":50},"end":{"line":18,"column":84}},"4":{"start":{"line":18,"column":95},"end":{"line":18,"column":98}},"5":{"start":{"line":23,"column":11},"end":{"line":25,"column":null}},"6":{"start":{"line":24,"column":8},"end":{"line":24,"column":36}},"7":{"start":{"line":27,"column":11},"end":{"line":29,"column":null}},"8":{"start":{"line":28,"column":8},"end":{"line":28,"column":35}},"9":{"start":{"line":31,"column":11},"end":{"line":33,"column":null}},"10":{"start":{"line":32,"column":8},"end":{"line":32,"column":29}},"11":{"start":{"line":35,"column":11},"end":{"line":37,"column":null}},"12":{"start":{"line":36,"column":8},"end":{"line":36,"column":27}},"13":{"start":{"line":19,"column":8},"end":{"line":19,"column":29}},"14":{"start":{"line":20,"column":8},"end":{"line":20,"column":58}},"15":{"start":{"line":41,"column":0},"end":{"line":41,"column":24}}},"fnMap":{"0":{"name":"(anonymous_0)","decl":{"start":{"line":18,"column":4},"end":{"line":18,"column":25}},"loc":{"start":{"line":18,"column":98},"end":{"line":21,"column":5}}},"1":{"name":"(anonymous_1)","decl":{"start":{"line":23,"column":30},"end":{"line":23,"column":31}},"loc":{"start":{"line":23,"column":48},"end":{"line":25,"column":5}}},"2":{"name":"(anonymous_2)","decl":{"start":{"line":27,"column":30},"end":{"line":27,"column":42}},"loc":{"start":{"line":27,"column":44},"end":{"line":29,"column":5}}},"3":{"name":"(anonymous_3)","decl":{"start":{"line":31,"column":23},"end":{"line":31,"column":24}},"loc":{"start":{"line":31,"column":42},"end":{"line":33,"column":5}}},"4":{"name":"(anonymous_4)","decl":{"start":{"line":35,"column":23},"end":{"line":35,"column":26}},"loc":{"start":{"line":35,"column":28},"end":{"line":37,"column":5}}}},"branchMap":{},"s":{"0":2,"1":2,"2":3,"3":3,"4":3,"5":3,"6":1,"7":3,"8":2,"9":3,"10":0,"11":3,"12":2,"13":3,"14":3,"15":2},"f":{"0":3,"1":1,"2":2,"3":0,"4":2},"b":{}}
,"C:\\nodejs\\ts\\app\\domain\\entity\\cliente.ts": {"path":"C:\\nodejs\\ts\\app\\domain\\entity\\cliente.ts","statementMap":{"0":{"start":{"line":1,"column":0},"end":{"line":1,"column":39}},"1":{"start":{"line":8,"column":17},"end":{"line":8,"column":30}},"2":{"start":{"line":9,"column":17},"end":{"line":9,"column":31}},"3":{"start":{"line":10,"column":17},"end":{"line":10,"column":35}},"4":{"start":{"line":12,"column":8},"end":{"line":14,"column":null}},"5":{"start":{"line":13,"column":12},"end":{"line":13,"column":62}},"6":{"start":{"line":15,"column":8},"end":{"line":17,"column":null}},"7":{"start":{"line":16,"column":12},"end":{"line":16,"column":63}},"8":{"start":{"line":18,"column":8},"end":{"line":20,"column":null}},"9":{"start":{"line":19,"column":12},"end":{"line":19,"column":61}},"10":{"start":{"line":21,"column":8},"end":{"line":23,"column":null}},"11":{"start":{"line":22,"column":12},"end":{"line":22,"column":61}},"12":{"start":{"line":24,"column":8},"end":{"line":24,"column":92}},"13":{"start":{"line":26,"column":8},"end":{"line":28,"column":null}},"14":{"start":{"line":27,"column":12},"end":{"line":27,"column":58}},"15":{"start":{"line":32,"column":8},"end":{"line":32,"column":42}},"16":{"start":{"line":36,"column":27},"end":{"line":36,"column":69}},"17":{"start":{"line":37,"column":8},"end":{"line":37,"column":43}},"18":{"start":{"line":41,"column":8},"end":{"line":41,"column":41}},"19":{"start":{"line":45,"column":0},"end":{"line":45,"column":23}}},"fnMap":{"0":{"name":"(anonymous_0)","decl":{"start":{"line":7,"column":4},"end":{"line":7,"column":null}},"loc":{"start":{"line":10,"column":35},"end":{"line":29,"column":5}}},"1":{"name":"(anonymous_1)","decl":{"start":{"line":31,"column":11},"end":{"line":31,"column":21}},"loc":{"start":{"line":31,"column":21},"end":{"line":33,"column":5}}},"2":{"name":"(anonymous_2)","decl":{"start":{"line":35,"column":11},"end":{"line":35,"column":23}},"loc":{"start":{"line":35,"column":23},"end":{"line":38,"column":5}}},"3":{"name":"(anonymous_3)","decl":{"start":{"line":40,"column":11},"end":{"line":40,"column":20}},"loc":{"start":{"line":40,"column":20},"end":{"line":42,"column":5}}}},"branchMap":{"0":{"loc":{"start":{"line":12,"column":8},"end":{"line":14,"column":null}},"type":"if","locations":[{"start":{"line":12,"column":8},"end":{"line":14,"column":null}}]},"1":{"loc":{"start":{"line":12,"column":12},"end":{"line":12,"column":34}},"type":"binary-expr","locations":[{"start":{"line":12,"column":12},"end":{"line":12,"column":22}},{"start":{"line":12,"column":26},"end":{"line":12,"column":34}}]},"2":{"loc":{"start":{"line":15,"column":8},"end":{"line":17,"column":null}},"type":"if","locations":[{"start":{"line":15,"column":8},"end":{"line":17,"column":null}}]},"3":{"loc":{"start":{"line":15,"column":12},"end":{"line":15,"column":36}},"type":"binary-expr","locations":[{"start":{"line":15,"column":12},"end":{"line":15,"column":23}},{"start":{"line":15,"column":27},"end":{"line":15,"column":36}}]},"4":{"loc":{"start":{"line":18,"column":8},"end":{"line":20,"column":null}},"type":"if","locations":[{"start":{"line":18,"column":8},"end":{"line":20,"column":null}}]},"5":{"loc":{"start":{"line":21,"column":8},"end":{"line":23,"column":null}},"type":"if","locations":[{"start":{"line":21,"column":8},"end":{"line":23,"column":null}}]},"6":{"loc":{"start":{"line":21,"column":12},"end":{"line":21,"column":42}},"type":"binary-expr","locations":[{"start":{"line":21,"column":12},"end":{"line":21,"column":26}},{"start":{"line":21,"column":30},"end":{"line":21,"column":42}}]},"7":{"loc":{"start":{"line":26,"column":8},"end":{"line":28,"column":null}},"type":"if","locations":[{"start":{"line":26,"column":8},"end":{"line":28,"column":null}}]}},"s":{"0":4,"1":12,"2":12,"3":12,"4":12,"5":0,"6":12,"7":0,"8":12,"9":1,"10":11,"11":0,"12":11,"13":11,"14":1,"15":12,"16":13,"17":13,"18":0,"19":4},"f":{"0":12,"1":12,"2":13,"3":0},"b":{"0":[0],"1":[12,12],"2":[0],"3":[12,12],"4":[1],"5":[0],"6":[11,11],"7":[1]}}
,"C:\\nodejs\\ts\\app\\domain\\entity\\payer.ts": {"path":"C:\\nodejs\\ts\\app\\domain\\entity\\payer.ts","statementMap":{"0":{"start":{"line":1,"column":0},"end":{"line":1,"column":39}},"1":{"start":{"line":4,"column":25},"end":{"line":4,"column":37}},"2":{"start":{"line":4,"column":48},"end":{"line":4,"column":61}},"3":{"start":{"line":4,"column":72},"end":{"line":4,"column":88}},"4":{"start":{"line":5,"column":8},"end":{"line":7,"column":null}},"5":{"start":{"line":6,"column":12},"end":{"line":6,"column":51}},"6":{"start":{"line":8,"column":8},"end":{"line":10,"column":null}},"7":{"start":{"line":9,"column":12},"end":{"line":9,"column":53}},"8":{"start":{"line":11,"column":8},"end":{"line":13,"column":null}},"9":{"start":{"line":12,"column":12},"end":{"line":12,"column":48}},"10":{"start":{"line":14,"column":8},"end":{"line":16,"column":null}},"11":{"start":{"line":15,"column":12},"end":{"line":15,"column":50}},"12":{"start":{"line":17,"column":8},"end":{"line":17,"column":92}},"13":{"start":{"line":19,"column":8},"end":{"line":21,"column":null}},"14":{"start":{"line":20,"column":12},"end":{"line":20,"column":45}},"15":{"start":{"line":25,"column":8},"end":{"line":25,"column":42}},"16":{"start":{"line":29,"column":27},"end":{"line":29,"column":69}},"17":{"start":{"line":30,"column":8},"end":{"line":30,"column":43}},"18":{"start":{"line":34,"column":0},"end":{"line":34,"column":21}}},"fnMap":{"0":{"name":"(anonymous_0)","decl":{"start":{"line":4,"column":4},"end":{"line":4,"column":25}},"loc":{"start":{"line":4,"column":88},"end":{"line":22,"column":5}}},"1":{"name":"(anonymous_1)","decl":{"start":{"line":24,"column":11},"end":{"line":24,"column":21}},"loc":{"start":{"line":24,"column":21},"end":{"line":26,"column":5}}},"2":{"name":"(anonymous_2)","decl":{"start":{"line":28,"column":11},"end":{"line":28,"column":23}},"loc":{"start":{"line":28,"column":23},"end":{"line":31,"column":5}}}},"branchMap":{"0":{"loc":{"start":{"line":5,"column":8},"end":{"line":7,"column":null}},"type":"if","locations":[{"start":{"line":5,"column":8},"end":{"line":7,"column":null}}]},"1":{"loc":{"start":{"line":5,"column":12},"end":{"line":5,"column":34}},"type":"binary-expr","locations":[{"start":{"line":5,"column":12},"end":{"line":5,"column":22}},{"start":{"line":5,"column":26},"end":{"line":5,"column":34}}]},"2":{"loc":{"start":{"line":8,"column":8},"end":{"line":10,"column":null}},"type":"if","locations":[{"start":{"line":8,"column":8},"end":{"line":10,"column":null}}]},"3":{"loc":{"start":{"line":8,"column":12},"end":{"line":8,"column":36}},"type":"binary-expr","locations":[{"start":{"line":8,"column":12},"end":{"line":8,"column":23}},{"start":{"line":8,"column":27},"end":{"line":8,"column":36}}]},"4":{"loc":{"start":{"line":11,"column":8},"end":{"line":13,"column":null}},"type":"if","locations":[{"start":{"line":11,"column":8},"end":{"line":13,"column":null}}]},"5":{"loc":{"start":{"line":14,"column":8},"end":{"line":16,"column":null}},"type":"if","locations":[{"start":{"line":14,"column":8},"end":{"line":16,"column":null}}]},"6":{"loc":{"start":{"line":14,"column":12},"end":{"line":14,"column":42}},"type":"binary-expr","locations":[{"start":{"line":14,"column":12},"end":{"line":14,"column":26}},{"start":{"line":14,"column":30},"end":{"line":14,"column":42}}]},"7":{"loc":{"start":{"line":19,"column":8},"end":{"line":21,"column":null}},"type":"if","locations":[{"start":{"line":19,"column":8},"end":{"line":21,"column":null}}]}},"s":{"0":4,"1":14,"2":14,"3":14,"4":14,"5":0,"6":14,"7":0,"8":14,"9":1,"10":13,"11":0,"12":13,"13":13,"14":1,"15":14,"16":15,"17":15,"18":4},"f":{"0":14,"1":14,"2":15},"b":{"0":[0],"1":[14,14],"2":[0],"3":[14,14],"4":[1],"5":[0],"6":[13,13],"7":[1]}}
,"C:\\nodejs\\ts\\app\\domain\\entity\\pedido.ts": {"path":"C:\\nodejs\\ts\\app\\domain\\entity\\pedido.ts","statementMap":{"0":{"start":{"line":2,"column":0},"end":{"line":2,"column":51}},"1":{"start":{"line":14,"column":15},"end":{"line":14,"column":31}},"2":{"start":{"line":16,"column":15},"end":{"line":16,"column":18}},"3":{"start":{"line":7,"column":10},"end":{"line":7,"column":36}},"4":{"start":{"line":39,"column":2},"end":{"line":41,"column":null}},"5":{"start":{"line":40,"column":6},"end":{"line":40,"column":28}},"6":{"start":{"line":43,"column":2},"end":{"line":45,"column":null}},"7":{"start":{"line":44,"column":4},"end":{"line":44,"column":26}},"8":{"start":{"line":47,"column":2},"end":{"line":49,"column":null}},"9":{"start":{"line":48,"column":4},"end":{"line":48,"column":24}},"10":{"start":{"line":19,"column":4},"end":{"line":21,"column":null}},"11":{"start":{"line":20,"column":6},"end":{"line":20,"column":48}},"12":{"start":{"line":22,"column":4},"end":{"line":22,"column":26}},"13":{"start":{"line":23,"column":4},"end":{"line":23,"column":34}},"14":{"start":{"line":27,"column":4},"end":{"line":27,"column":30}},"15":{"start":{"line":31,"column":4},"end":{"line":31,"column":28}},"16":{"start":{"line":35,"column":6},"end":{"line":35,"column":35}},"17":{"start":{"line":36,"column":6},"end":{"line":36,"column":59}},"18":{"start":{"line":53,"column":0},"end":{"line":53,"column":22}}},"fnMap":{"0":{"name":"(anonymous_0)","decl":{"start":{"line":13,"column":2},"end":{"line":13,"column":null}},"loc":{"start":{"line":17,"column":28},"end":{"line":24,"column":3}}},"1":{"name":"(anonymous_1)","decl":{"start":{"line":39,"column":16},"end":{"line":39,"column":19}},"loc":{"start":{"line":39,"column":21},"end":{"line":41,"column":3}}},"2":{"name":"(anonymous_2)","decl":{"start":{"line":43,"column":14},"end":{"line":43,"column":15}},"loc":{"start":{"line":43,"column":39},"end":{"line":45,"column":3}}},"3":{"name":"(anonymous_3)","decl":{"start":{"line":47,"column":14},"end":{"line":47,"column":17}},"loc":{"start":{"line":47,"column":19},"end":{"line":49,"column":3}}},"4":{"name":"(anonymous_4)","decl":{"start":{"line":26,"column":2},"end":{"line":26,"column":11}},"loc":{"start":{"line":26,"column":25},"end":{"line":28,"column":3}}},"5":{"name":"(anonymous_5)","decl":{"start":{"line":30,"column":2},"end":{"line":30,"column":15}},"loc":{"start":{"line":30,"column":15},"end":{"line":32,"column":3}}},"6":{"name":"(anonymous_6)","decl":{"start":{"line":34,"column":2},"end":{"line":34,"column":18}},"loc":{"start":{"line":34,"column":35},"end":{"line":37,"column":3}}}},"branchMap":{"0":{"loc":{"start":{"line":15,"column":6},"end":{"line":15,"column":48}},"type":"default-arg","locations":[{"start":{"line":15,"column":29},"end":{"line":15,"column":48}}]},"1":{"loc":{"start":{"line":17,"column":6},"end":{"line":17,"column":28}},"type":"default-arg","locations":[{"start":{"line":17,"column":27},"end":{"line":17,"column":28}}]},"2":{"loc":{"start":{"line":19,"column":4},"end":{"line":21,"column":null}},"type":"if","locations":[{"start":{"line":19,"column":4},"end":{"line":21,"column":null}}]}},"s":{"0":3,"1":7,"2":7,"3":7,"4":7,"5":3,"6":7,"7":0,"8":7,"9":5,"10":7,"11":1,"12":6,"13":6,"14":5,"15":4,"16":5,"17":5,"18":3},"f":{"0":7,"1":3,"2":0,"3":5,"4":5,"5":4,"6":5},"b":{"0":[0],"1":[7],"2":[1]}}
,"C:\\nodejs\\ts\\app\\domain\\entity\\pix.ts": {"path":"C:\\nodejs\\ts\\app\\domain\\entity\\pix.ts","statementMap":{"0":{"start":{"line":5,"column":25},"end":{"line":5,"column":37}},"1":{"start":{"line":6,"column":4},"end":{"line":6,"column":26}},"2":{"start":{"line":7,"column":4},"end":{"line":7,"column":24}},"3":{"start":{"line":8,"column":4},"end":{"line":8,"column":35}},"4":{"start":{"line":11,"column":0},"end":{"line":11,"column":19}}},"fnMap":{"0":{"name":"(anonymous_0)","decl":{"start":{"line":5,"column":4},"end":{"line":5,"column":25}},"loc":{"start":{"line":5,"column":37},"end":{"line":5,"column":41}}}},"branchMap":{},"s":{"0":2,"1":2,"2":2,"3":2,"4":2},"f":{"0":2},"b":{}}
,"C:\\nodejs\\ts\\app\\domain\\entity\\produto.ts": {"path":"C:\\nodejs\\ts\\app\\domain\\entity\\produto.ts","statementMap":{"0":{"start":{"line":5,"column":17},"end":{"line":5,"column":null}},"1":{"start":{"line":6,"column":17},"end":{"line":6,"column":30}},"2":{"start":{"line":7,"column":17},"end":{"line":7,"column":37}},"3":{"start":{"line":8,"column":17},"end":{"line":8,"column":29}},"4":{"start":{"line":9,"column":17},"end":{"line":9,"column":20}},"5":{"start":{"line":14,"column":0},"end":{"line":14,"column":23}}},"fnMap":{"0":{"name":"(anonymous_0)","decl":{"start":{"line":4,"column":4},"end":{"line":4,"column":null}},"loc":{"start":{"line":9,"column":20},"end":{"line":10,"column":8}}}},"branchMap":{},"s":{"0":7,"1":7,"2":7,"3":7,"4":7,"5":3},"f":{"0":7},"b":{}}
,"C:\\nodejs\\ts\\app\\domain\\entity\\user.ts": {"path":"C:\\nodejs\\ts\\app\\domain\\entity\\user.ts","statementMap":{"0":{"start":{"line":3,"column":25},"end":{"line":3,"column":40}},"1":{"start":{"line":3,"column":40},"end":{"line":3,"column":47}},"2":{"start":{"line":6,"column":8},"end":{"line":6,"column":52}},"3":{"start":{"line":10,"column":8},"end":{"line":12,"column":169}},"4":{"start":{"line":18,"column":0},"end":{"line":18,"column":20}}},"fnMap":{"0":{"name":"(anonymous_0)","decl":{"start":{"line":3,"column":4},"end":{"line":3,"column":25}},"loc":{"start":{"line":3,"column":45},"end":{"line":3,"column":48}}},"1":{"name":"(anonymous_1)","decl":{"start":{"line":5,"column":11},"end":{"line":5,"column":22}},"loc":{"start":{"line":5,"column":22},"end":{"line":7,"column":5}}},"2":{"name":"(anonymous_2)","decl":{"start":{"line":9,"column":11},"end":{"line":9,"column":23}},"loc":{"start":{"line":9,"column":23},"end":{"line":13,"column":5}}}},"branchMap":{"0":{"loc":{"start":{"line":6,"column":15},"end":{"line":6,"column":51}},"type":"binary-expr","locations":[{"start":{"line":6,"column":15},"end":{"line":6,"column":32}},{"start":{"line":6,"column":36},"end":{"line":6,"column":51}}]}},"s":{"0":1,"1":1,"2":0,"3":0,"4":1},"f":{"0":1,"1":0,"2":0},"b":{"0":[0,0]}}
,"C:\\nodejs\\ts\\app\\domain\\entity\\enum\\statusCheckout.ts": {"path":"C:\\nodejs\\ts\\app\\domain\\entity\\enum\\statusCheckout.ts","statementMap":{"0":{"start":{"line":1,"column":0},"end":{"line":1,"column":null}},"1":{"start":{"line":2,"column":4},"end":{"line":2,"column":null}},"2":{"start":{"line":3,"column":4},"end":{"line":3,"column":null}},"3":{"start":{"line":4,"column":4},"end":{"line":4,"column":null}},"4":{"start":{"line":5,"column":4},"end":{"line":5,"column":null}},"5":{"start":{"line":6,"column":4},"end":{"line":6,"column":null}},"6":{"start":{"line":7,"column":4},"end":{"line":7,"column":null}}},"fnMap":{"0":{"name":"(anonymous_0)","decl":{"start":{"line":1,"column":0},"end":{"line":1,"column":12}},"loc":{"start":{"line":1,"column":26},"end":{"line":8,"column":1}}}},"branchMap":{"0":{"loc":{"start":{"line":1,"column":12},"end":{"line":1,"column":null}},"type":"binary-expr","locations":[{"start":{"line":1,"column":12},"end":{"line":1,"column":26}},{"start":{"line":1,"column":26},"end":{"line":1,"column":null}}]}},"s":{"0":2,"1":2,"2":2,"3":2,"4":2,"5":2,"6":2},"f":{"0":2},"b":{"0":[2,2]}}
,"C:\\nodejs\\ts\\app\\domain\\entity\\enum\\statusPedido.ts": {"path":"C:\\nodejs\\ts\\app\\domain\\entity\\enum\\statusPedido.ts","statementMap":{"0":{"start":{"line":1,"column":0},"end":{"line":1,"column":null}},"1":{"start":{"line":2,"column":4},"end":{"line":2,"column":null}},"2":{"start":{"line":3,"column":4},"end":{"line":3,"column":null}},"3":{"start":{"line":4,"column":4},"end":{"line":4,"column":null}},"4":{"start":{"line":5,"column":4},"end":{"line":5,"column":null}},"5":{"start":{"line":6,"column":4},"end":{"line":6,"column":null}}},"fnMap":{"0":{"name":"(anonymous_0)","decl":{"start":{"line":1,"column":0},"end":{"line":1,"column":12}},"loc":{"start":{"line":1,"column":24},"end":{"line":7,"column":3}}}},"branchMap":{"0":{"loc":{"start":{"line":1,"column":12},"end":{"line":1,"column":null}},"type":"binary-expr","locations":[{"start":{"line":1,"column":12},"end":{"line":1,"column":24}},{"start":{"line":1,"column":24},"end":{"line":1,"column":null}}]}},"s":{"0":3,"1":3,"2":3,"3":3,"4":3,"5":3},"f":{"0":3},"b":{"0":[3,3]}}
}
