TN:
SF:app\application\core\configs.ts
FN:1,(anonymous_0)
FNF:1
FNH:1
FNDA:1,(anonymous_0)
DA:2,1
DA:5,1
LF:2
LH:2
BRF:0
BRH:0
end_of_record
TN:
SF:app\application\core\jwt.ts
FN:9,(anonymous_0)
FN:20,(anonymous_1)
FNF:2
FNH:2
FNDA:1,(anonymous_0)
FNDA:1,(anonymous_1)
DA:1,1
DA:6,1
DA:7,1
DA:10,1
DA:11,1
DA:20,1
DA:21,1
DA:25,1
LF:8
LH:8
BRF:0
BRH:0
end_of_record
TN:
SF:app\cases\usuarioCasoDeUso.ts
FN:7,(anonymous_0)
FN:9,(anonymous_1)
FNF:2
FNH:2
FNDA:1,(anonymous_0)
FNDA:1,(anonymous_1)
DA:1,1
DA:2,1
DA:7,1
DA:10,1
DA:11,1
DA:20,1
LF:6
LH:6
BRF:0
BRH:0
end_of_record
TN:
SF:app\entity\cartao.ts
FN:5,(anonymous_0)
FNF:1
FNH:1
FNDA:6,(anonymous_0)
DA:5,6
DA:6,6
DA:7,1
DA:9,5
DA:10,1
DA:12,4
DA:13,1
DA:15,3
DA:16,1
DA:21,2
LF:10
LH:10
BRDA:6,0,0,1
BRDA:9,1,0,1
BRDA:12,2,0,1
BRDA:15,3,0,1
BRF:4
BRH:4
end_of_record
TN:
SF:app\entity\categoria.ts
FN:5,(anonymous_0)
FNF:1
FNH:1
FNDA:12,(anonymous_0)
DA:3,12
DA:5,12
DA:6,12
DA:7,3
DA:9,9
DA:10,9
DA:15,4
LF:7
LH:7
BRDA:6,0,0,3
BRDA:6,1,0,12
BRDA:6,1,1,11
BRF:3
BRH:3
end_of_record
TN:
SF:app\entity\checkout.ts
FN:18,(anonymous_0)
FN:23,(anonymous_1)
FN:27,(anonymous_2)
FN:31,(anonymous_3)
FN:35,(anonymous_4)
FNF:5
FNH:4
FNDA:3,(anonymous_0)
FNDA:1,(anonymous_1)
FNDA:2,(anonymous_2)
FNDA:0,(anonymous_3)
FNDA:2,(anonymous_4)
DA:4,2
DA:5,2
DA:18,3
DA:19,3
DA:20,3
DA:23,3
DA:24,1
DA:27,3
DA:28,2
DA:31,3
DA:32,0
DA:35,3
DA:36,2
DA:41,2
LF:14
LH:13
BRF:0
BRH:0
end_of_record
TN:
SF:app\entity\cliente.ts
FN:7,(anonymous_0)
FN:31,(anonymous_1)
FN:35,(anonymous_2)
FN:40,(anonymous_3)
FNF:4
FNH:3
FNDA:12,(anonymous_0)
FNDA:12,(anonymous_1)
FNDA:13,(anonymous_2)
FNDA:0,(anonymous_3)
DA:1,4
DA:8,12
DA:9,12
DA:10,12
DA:12,12
DA:13,0
DA:15,12
DA:16,0
DA:18,12
DA:19,1
DA:21,11
DA:22,0
DA:24,11
DA:26,11
DA:27,1
DA:32,12
DA:36,13
DA:37,13
DA:41,0
DA:46,4
LF:20
LH:16
BRDA:12,0,0,0
BRDA:12,1,0,12
BRDA:12,1,1,12
BRDA:15,2,0,0
BRDA:15,3,0,12
BRDA:15,3,1,12
BRDA:18,4,0,1
BRDA:21,5,0,0
BRDA:21,6,0,11
BRDA:21,6,1,11
BRDA:26,7,0,1
BRF:11
BRH:8
end_of_record
TN:
SF:app\entity\payer.ts
FN:4,(anonymous_0)
FN:24,(anonymous_1)
FN:28,(anonymous_2)
FNF:3
FNH:3
FNDA:14,(anonymous_0)
FNDA:14,(anonymous_1)
FNDA:15,(anonymous_2)
DA:1,4
DA:4,14
DA:5,14
DA:6,0
DA:8,14
DA:9,0
DA:11,14
DA:12,1
DA:14,13
DA:15,0
DA:17,13
DA:19,13
DA:20,1
DA:25,14
DA:29,15
DA:30,15
DA:34,4
LF:17
LH:14
BRDA:5,0,0,0
BRDA:5,1,0,14
BRDA:5,1,1,14
BRDA:8,2,0,0
BRDA:8,3,0,14
BRDA:8,3,1,14
BRDA:11,4,0,1
BRDA:14,5,0,0
BRDA:14,6,0,13
BRDA:14,6,1,13
BRDA:19,7,0,1
BRF:11
BRH:8
end_of_record
TN:
SF:app\entity\pedido.ts
FN:13,(anonymous_0)
FN:39,(anonymous_1)
FN:43,(anonymous_2)
FN:47,(anonymous_3)
FN:26,(anonymous_4)
FN:30,(anonymous_5)
FN:34,(anonymous_6)
FNF:7
FNH:6
FNDA:7,(anonymous_0)
FNDA:3,(anonymous_1)
FNDA:0,(anonymous_2)
FNDA:5,(anonymous_3)
FNDA:5,(anonymous_4)
FNDA:4,(anonymous_5)
FNDA:5,(anonymous_6)
DA:2,3
DA:7,7
DA:14,7
DA:16,7
DA:19,7
DA:20,1
DA:22,6
DA:23,6
DA:27,5
DA:31,4
DA:35,5
DA:36,5
DA:39,7
DA:40,3
DA:43,7
DA:44,0
DA:47,7
DA:48,5
DA:53,3
LF:19
LH:18
BRDA:15,0,0,0
BRDA:17,1,0,7
BRDA:19,2,0,1
BRF:3
BRH:2
end_of_record
TN:
SF:app\entity\pix.ts
FN:5,(anonymous_0)
FNF:1
FNH:1
FNDA:2,(anonymous_0)
DA:5,2
DA:6,2
DA:7,2
DA:8,2
DA:11,2
LF:5
LH:5
BRF:0
BRH:0
end_of_record
TN:
SF:app\entity\produto.ts
FN:4,(anonymous_0)
FNF:1
FNH:1
FNDA:7,(anonymous_0)
DA:5,7
DA:6,7
DA:7,7
DA:8,7
DA:9,7
DA:14,3
LF:6
LH:6
BRF:0
BRH:0
end_of_record
TN:
SF:app\entity\user.ts
FN:3,(anonymous_0)
FN:5,(anonymous_1)
FN:9,(anonymous_2)
FNF:3
FNH:1
FNDA:1,(anonymous_0)
FNDA:0,(anonymous_1)
FNDA:0,(anonymous_2)
DA:3,1
DA:6,0
DA:10,0
DA:18,1
LF:4
LH:2
BRDA:6,0,0,0
BRDA:6,0,1,0
BRF:2
BRH:0
end_of_record
TN:
SF:app\entity\enum\statusCheckout.ts
FN:1,(anonymous_0)
FNF:1
FNH:1
FNDA:2,(anonymous_0)
DA:1,2
DA:2,2
DA:3,2
DA:4,2
DA:5,2
DA:6,2
DA:7,2
LF:7
LH:7
BRDA:1,0,0,2
BRDA:1,0,1,2
BRF:2
BRH:2
end_of_record
TN:
SF:app\entity\enum\statusPedido.ts
FN:1,(anonymous_0)
FNF:1
FNH:1
FNDA:3,(anonymous_0)
DA:1,3
DA:2,3
DA:3,3
DA:4,3
DA:5,3
DA:6,3
LF:6
LH:6
BRDA:1,0,0,3
BRDA:1,0,1,3
BRF:2
BRH:2
end_of_record
TN:
SF:app\external\MysqlDataBase.ts
FN:17,(anonymous_7)
FN:22,(anonymous_8)
FN:28,(anonymous_10)
FN:46,(anonymous_11)
FN:53,(anonymous_13)
FN:68,(anonymous_14)
FN:80,(anonymous_16)
FN:83,(anonymous_18)
FN:100,(anonymous_20)
FN:109,(anonymous_21)
FN:125,(anonymous_22)
FN:141,(anonymous_23)
FN:149,(anonymous_25)
FNF:13
FNH:1
FNDA:1,(anonymous_7)
FNDA:0,(anonymous_8)
FNDA:0,(anonymous_10)
FNDA:0,(anonymous_11)
FNDA:0,(anonymous_13)
FNDA:0,(anonymous_14)
FNDA:0,(anonymous_16)
FNDA:0,(anonymous_18)
FNDA:0,(anonymous_20)
FNDA:0,(anonymous_21)
FNDA:0,(anonymous_22)
FNDA:0,(anonymous_23)
FNDA:0,(anonymous_25)
DA:2,1
DA:12,1
DA:19,1
DA:23,0
DA:24,0
DA:25,0
DA:28,0
DA:29,0
DA:30,0
DA:31,0
DA:34,0
DA:40,0
DA:41,0
DA:42,0
DA:43,0
DA:47,0
DA:49,0
DA:50,0
DA:53,0
DA:54,0
DA:55,0
DA:58,0
DA:63,0
DA:65,0
DA:66,0
DA:69,0
DA:70,0
DA:74,0
DA:75,0
DA:81,0
DA:84,0
DA:85,0
DA:87,0
DA:94,0
DA:96,0
DA:101,0
DA:102,0
DA:103,0
DA:104,0
DA:106,0
DA:112,0
DA:113,0
DA:121,0
DA:122,0
DA:123,0
DA:125,0
DA:127,0
DA:129,0
DA:130,0
DA:131,0
DA:133,0
DA:142,0
DA:146,0
DA:150,0
DA:151,0
DA:156,1
LF:56
LH:4
BRDA:101,0,0,0
BRDA:101,0,1,0
BRDA:101,1,0,0
BRDA:101,1,1,0
BRDA:103,2,0,0
BRDA:103,2,1,0
BRDA:112,3,0,0
BRDA:112,4,0,0
BRDA:112,4,1,0
BRDA:127,5,0,0
BRDA:127,5,1,0
BRF:11
BRH:0
end_of_record
TN:
SF:app\external\mariadbConnection.ts
FN:8,(anonymous_7)
FN:12,(anonymous_8)
FN:92,(anonymous_10)
FNF:3
FNH:2
FNDA:1,(anonymous_7)
FNDA:1,(anonymous_8)
FNDA:0,(anonymous_10)
DA:1,1
DA:6,1
DA:9,1
DA:13,1
DA:14,1
DA:22,0
DA:31,0
DA:38,0
DA:50,0
DA:61,0
DA:71,0
DA:93,0
DA:97,1
LF:13
LH:6
BRF:0
BRH:0
end_of_record
TN:
SF:app\gateways\paymentsMethods\PaymentoMethods.ts
FNF:0
FNH:0
DA:1,1
LF:1
LH:1
BRF:0
BRH:0
end_of_record
TN:
SF:app\gateways\paymentsMethods\MercadoPago\MPagamento.ts
FN:14,(anonymous_7)
FN:19,(anonymous_8)
FN:23,(anonymous_9)
FN:23,(anonymous_10)
FN:33,(anonymous_11)
FN:33,(anonymous_12)
FN:64,(anonymous_13)
FN:64,(anonymous_14)
FN:68,(anonymous_15)
FN:68,(anonymous_16)
FNF:10
FNH:5
FNDA:2,(anonymous_7)
FNDA:0,(anonymous_8)
FNDA:1,(anonymous_9)
FNDA:1,(anonymous_10)
FNDA:1,(anonymous_11)
FNDA:1,(anonymous_12)
FNDA:0,(anonymous_13)
FNDA:0,(anonymous_14)
FNDA:0,(anonymous_15)
FNDA:0,(anonymous_16)
DA:3,1
DA:15,2
DA:16,2
DA:19,2
DA:20,0
DA:23,2
DA:24,1
DA:25,1
DA:26,0
DA:27,0
DA:29,0
DA:33,2
DA:34,1
DA:51,1
DA:52,0
DA:55,1
DA:57,1
DA:61,1
DA:64,2
DA:65,0
DA:68,2
DA:69,0
DA:74,1
LF:23
LH:16
BRDA:24,0,0,1
BRDA:24,0,1,0
BRDA:26,1,0,0
BRDA:26,1,1,0
BRDA:51,2,0,0
BRDA:57,3,0,1
BRF:6
BRH:2
end_of_record
